2017-08-19 11:57:09,182 DEBUG --- [           main] o.s.w.c.s.StandardServletEnvironment     : Adding [servletConfigInitParams] PropertySource with lowest search precedence
2017-08-19 11:57:09,188 DEBUG --- [           main] o.s.w.c.s.StandardServletEnvironment     : Adding [servletContextInitParams] PropertySource with lowest search precedence
2017-08-19 11:57:09,189 DEBUG --- [           main] o.s.w.c.s.StandardServletEnvironment     : Adding [systemProperties] PropertySource with lowest search precedence
2017-08-19 11:57:09,190 DEBUG --- [           main] o.s.w.c.s.StandardServletEnvironment     : Adding [systemEnvironment] PropertySource with lowest search precedence
2017-08-19 11:57:09,190 DEBUG --- [           main] o.s.w.c.s.StandardServletEnvironment     : Initialized StandardServletEnvironment with PropertySources [servletConfigInitParams,servletContextInitParams,systemProperties,systemEnvironment]
2017-08-19 11:57:09,331 INFO  --- [           main] poi.poiApplication                       : Starting poiApplication on 777 with PID 46204 (/Users/kaihatsu/Documents/Work/poi/build/classes/main started by kaihatsu in /Users/kaihatsu/Documents/Work/poi)
2017-08-19 11:57:09,340 DEBUG --- [           main] poi.poiApplication                       : Running with Spring Boot v1.4.3.RELEASE, Spring v4.3.5.RELEASE
2017-08-19 11:57:09,340 INFO  --- [           main] poi.poiApplication                       : The following profiles are active: dev
2017-08-19 11:57:10,159 INFO  --- [           main] ationConfigEmbeddedWebApplicationContext : Refreshing org.springframework.boot.context.embedded.AnnotationConfigEmbeddedWebApplicationContext@610f7aa: startup date [Sat Aug 19 11:57:10 JST 2017]; root of context hierarchy
2017-08-19 11:57:12,034 INFO  --- [           main] o.s.b.f.xml.XmlBeanDefinitionReader      : Loading XML bean definitions from class path resource [transaction-context.xml]
2017-08-19 11:57:12,904 DEBUG --- [           main] o.s.w.c.s.StandardServletEnvironment     : Adding [applicationConfig: [classpath:/application-dev.properties]] PropertySource with search precedence immediately lower than [applicationConfigurationProperties]
2017-08-19 11:57:12,905 DEBUG --- [           main] o.s.w.c.s.StandardServletEnvironment     : Adding [applicationConfig: [classpath:/application.properties]] PropertySource with search precedence immediately lower than [applicationConfig: [classpath:/application-dev.properties]]
2017-08-19 11:57:12,905 DEBUG --- [           main] o.s.w.c.s.StandardServletEnvironment     : Removing [applicationConfigurationProperties] PropertySource
2017-08-19 11:57:12,906 DEBUG --- [           main] o.s.w.c.s.StandardServletEnvironment     : Removing [defaultProperties] PropertySource
2017-08-19 11:57:13,061 INFO  --- [           main] trationDelegate$BeanPostProcessorChecker : Bean 'org.springframework.aop.support.DefaultBeanFactoryPointcutAdvisor#0' of type [class org.springframework.aop.support.DefaultBeanFactoryPointcutAdvisor] is not eligible for getting processed by all BeanPostProcessors (for example: not eligible for auto-proxying)
2017-08-19 11:57:13,126 INFO  --- [           main] trationDelegate$BeanPostProcessorChecker : Bean 'org.springframework.transaction.annotation.ProxyTransactionManagementConfiguration' of type [class org.springframework.transaction.annotation.ProxyTransactionManagementConfiguration$$EnhancerBySpringCGLIB$$1af91100] is not eligible for getting processed by all BeanPostProcessors (for example: not eligible for auto-proxying)
2017-08-19 11:57:14,086 INFO  --- [           main] s.b.c.e.t.TomcatEmbeddedServletContainer : Tomcat initialized with port(s): 8080 (http)
2017-08-19 11:57:14,102 INFO  --- [           main] org.apache.catalina.core.StandardService : Starting service Tomcat
2017-08-19 11:57:14,104 INFO  --- [           main] org.apache.catalina.core.StandardEngine  : Starting Servlet Engine: Apache Tomcat/8.5.6
2017-08-19 11:57:14,374 INFO  --- [ost-startStop-1] o.a.c.c.C.[Tomcat].[localhost].[/poi]    : Initializing Spring embedded WebApplicationContext
2017-08-19 11:57:14,375 DEBUG --- [ost-startStop-1] o.s.web.context.ContextLoader            : Published root WebApplicationContext as ServletContext attribute with name [org.springframework.web.context.WebApplicationContext.ROOT]
2017-08-19 11:57:14,375 INFO  --- [ost-startStop-1] o.s.web.context.ContextLoader            : Root WebApplicationContext: initialization completed in 4216 ms
2017-08-19 11:57:14,609 DEBUG --- [ost-startStop-1] o.s.w.c.s.StandardServletEnvironment     : Adding [servletConfigInitParams] PropertySource with lowest search precedence
2017-08-19 11:57:14,610 DEBUG --- [ost-startStop-1] o.s.w.c.s.StandardServletEnvironment     : Adding [servletContextInitParams] PropertySource with lowest search precedence
2017-08-19 11:57:14,611 DEBUG --- [ost-startStop-1] o.s.w.c.s.StandardServletEnvironment     : Adding [systemProperties] PropertySource with lowest search precedence
2017-08-19 11:57:14,611 DEBUG --- [ost-startStop-1] o.s.w.c.s.StandardServletEnvironment     : Adding [systemEnvironment] PropertySource with lowest search precedence
2017-08-19 11:57:14,611 DEBUG --- [ost-startStop-1] o.s.w.c.s.StandardServletEnvironment     : Initialized StandardServletEnvironment with PropertySources [servletConfigInitParams,servletContextInitParams,systemProperties,systemEnvironment]
2017-08-19 11:57:14,636 DEBUG --- [ost-startStop-1] o.s.w.c.s.StandardServletEnvironment     : Adding [servletConfigInitParams] PropertySource with lowest search precedence
2017-08-19 11:57:14,636 DEBUG --- [ost-startStop-1] o.s.w.c.s.StandardServletEnvironment     : Adding [servletContextInitParams] PropertySource with lowest search precedence
2017-08-19 11:57:14,637 DEBUG --- [ost-startStop-1] o.s.w.c.s.StandardServletEnvironment     : Adding [systemProperties] PropertySource with lowest search precedence
2017-08-19 11:57:14,637 DEBUG --- [ost-startStop-1] o.s.w.c.s.StandardServletEnvironment     : Adding [systemEnvironment] PropertySource with lowest search precedence
2017-08-19 11:57:14,637 DEBUG --- [ost-startStop-1] o.s.w.c.s.StandardServletEnvironment     : Initialized StandardServletEnvironment with PropertySources [servletConfigInitParams,servletContextInitParams,systemProperties,systemEnvironment]
2017-08-19 11:57:14,649 DEBUG --- [ost-startStop-1] o.s.w.c.s.StandardServletEnvironment     : Adding [servletConfigInitParams] PropertySource with lowest search precedence
2017-08-19 11:57:14,650 DEBUG --- [ost-startStop-1] o.s.w.c.s.StandardServletEnvironment     : Adding [servletContextInitParams] PropertySource with lowest search precedence
2017-08-19 11:57:14,650 DEBUG --- [ost-startStop-1] o.s.w.c.s.StandardServletEnvironment     : Adding [systemProperties] PropertySource with lowest search precedence
2017-08-19 11:57:14,651 DEBUG --- [ost-startStop-1] o.s.w.c.s.StandardServletEnvironment     : Adding [systemEnvironment] PropertySource with lowest search precedence
2017-08-19 11:57:14,651 DEBUG --- [ost-startStop-1] o.s.w.c.s.StandardServletEnvironment     : Initialized StandardServletEnvironment with PropertySources [servletConfigInitParams,servletContextInitParams,systemProperties,systemEnvironment]
2017-08-19 11:57:14,662 DEBUG --- [ost-startStop-1] o.s.w.c.s.StandardServletEnvironment     : Adding [servletConfigInitParams] PropertySource with lowest search precedence
2017-08-19 11:57:14,663 DEBUG --- [ost-startStop-1] o.s.w.c.s.StandardServletEnvironment     : Adding [servletContextInitParams] PropertySource with lowest search precedence
2017-08-19 11:57:14,663 DEBUG --- [ost-startStop-1] o.s.w.c.s.StandardServletEnvironment     : Adding [systemProperties] PropertySource with lowest search precedence
2017-08-19 11:57:14,664 DEBUG --- [ost-startStop-1] o.s.w.c.s.StandardServletEnvironment     : Adding [systemEnvironment] PropertySource with lowest search precedence
2017-08-19 11:57:14,664 DEBUG --- [ost-startStop-1] o.s.w.c.s.StandardServletEnvironment     : Initialized StandardServletEnvironment with PropertySources [servletConfigInitParams,servletContextInitParams,systemProperties,systemEnvironment]
2017-08-19 11:57:14,697 INFO  --- [ost-startStop-1] o.s.b.web.servlet.FilterRegistrationBean : Mapping filter: 'characterEncodingFilter' to: [/*]
2017-08-19 11:57:14,698 INFO  --- [ost-startStop-1] o.s.b.web.servlet.FilterRegistrationBean : Mapping filter: 'hiddenHttpMethodFilter' to: [/*]
2017-08-19 11:57:14,698 INFO  --- [ost-startStop-1] o.s.b.web.servlet.FilterRegistrationBean : Mapping filter: 'httpPutFormContentFilter' to: [/*]
2017-08-19 11:57:14,699 INFO  --- [ost-startStop-1] o.s.b.web.servlet.FilterRegistrationBean : Mapping filter: 'requestContextFilter' to: [/*]
2017-08-19 11:57:14,700 DEBUG --- [ost-startStop-1] o.s.w.c.s.StandardServletEnvironment     : Adding [servletConfigInitParams] PropertySource with lowest search precedence
2017-08-19 11:57:14,700 DEBUG --- [ost-startStop-1] o.s.w.c.s.StandardServletEnvironment     : Adding [servletContextInitParams] PropertySource with lowest search precedence
2017-08-19 11:57:14,701 DEBUG --- [ost-startStop-1] o.s.w.c.s.StandardServletEnvironment     : Adding [systemProperties] PropertySource with lowest search precedence
2017-08-19 11:57:14,701 DEBUG --- [ost-startStop-1] o.s.w.c.s.StandardServletEnvironment     : Adding [systemEnvironment] PropertySource with lowest search precedence
2017-08-19 11:57:14,701 DEBUG --- [ost-startStop-1] o.s.w.c.s.StandardServletEnvironment     : Initialized StandardServletEnvironment with PropertySources [servletConfigInitParams,servletContextInitParams,systemProperties,systemEnvironment]
2017-08-19 11:57:14,701 INFO  --- [ost-startStop-1] .s.DelegatingFilterProxyRegistrationBean : Mapping filter: 'springSecurityFilterChain' to: [/*]
2017-08-19 11:57:14,702 INFO  --- [ost-startStop-1] o.s.b.w.servlet.ServletRegistrationBean  : Mapping servlet: 'dispatcherServlet' to [/]
2017-08-19 11:57:14,768 DEBUG --- [           main] o.s.w.c.s.StandardServletEnvironment     : Replacing [servletContextInitParams] PropertySource with [servletContextInitParams]
2017-08-19 11:57:15,681 INFO  --- [           main] b.a.s.AuthenticationManagerConfiguration : 

Using default security password: a695224d-2edc-4541-a3af-94ad40245c8c

2017-08-19 11:57:15,777 DEBUG --- [           main] o.s.w.c.s.StandardServletEnvironment     : Adding [servletConfigInitParams] PropertySource with lowest search precedence
2017-08-19 11:57:15,777 DEBUG --- [           main] o.s.w.c.s.StandardServletEnvironment     : Adding [servletContextInitParams] PropertySource with lowest search precedence
2017-08-19 11:57:15,778 DEBUG --- [           main] o.s.w.c.s.StandardServletEnvironment     : Adding [systemProperties] PropertySource with lowest search precedence
2017-08-19 11:57:15,778 DEBUG --- [           main] o.s.w.c.s.StandardServletEnvironment     : Adding [systemEnvironment] PropertySource with lowest search precedence
2017-08-19 11:57:15,778 DEBUG --- [           main] o.s.w.c.s.StandardServletEnvironment     : Initialized StandardServletEnvironment with PropertySources [servletConfigInitParams,servletContextInitParams,systemProperties,systemEnvironment]
2017-08-19 11:57:15,800 DEBUG --- [           main] o.s.w.c.s.StandardServletEnvironment     : Adding [servletConfigInitParams] PropertySource with lowest search precedence
2017-08-19 11:57:15,800 DEBUG --- [           main] o.s.w.c.s.StandardServletEnvironment     : Adding [servletContextInitParams] PropertySource with lowest search precedence
2017-08-19 11:57:15,800 DEBUG --- [           main] o.s.w.c.s.StandardServletEnvironment     : Adding [systemProperties] PropertySource with lowest search precedence
2017-08-19 11:57:15,800 DEBUG --- [           main] o.s.w.c.s.StandardServletEnvironment     : Adding [systemEnvironment] PropertySource with lowest search precedence
2017-08-19 11:57:15,801 DEBUG --- [           main] o.s.w.c.s.StandardServletEnvironment     : Initialized StandardServletEnvironment with PropertySources [servletConfigInitParams,servletContextInitParams,systemProperties,systemEnvironment]
2017-08-19 11:57:15,802 DEBUG --- [           main] o.s.w.c.s.StandardServletEnvironment     : Adding [servletConfigInitParams] PropertySource with lowest search precedence
2017-08-19 11:57:15,803 DEBUG --- [           main] o.s.w.c.s.StandardServletEnvironment     : Adding [servletContextInitParams] PropertySource with lowest search precedence
2017-08-19 11:57:15,804 DEBUG --- [           main] o.s.w.c.s.StandardServletEnvironment     : Adding [systemProperties] PropertySource with lowest search precedence
2017-08-19 11:57:15,804 DEBUG --- [           main] o.s.w.c.s.StandardServletEnvironment     : Adding [systemEnvironment] PropertySource with lowest search precedence
2017-08-19 11:57:15,804 DEBUG --- [           main] o.s.w.c.s.StandardServletEnvironment     : Initialized StandardServletEnvironment with PropertySources [servletConfigInitParams,servletContextInitParams,systemProperties,systemEnvironment]
2017-08-19 11:57:15,807 DEBUG --- [           main] poi.util.TokenUtility                    : セッションタイムアウト：900
2017-08-19 11:57:15,860 DEBUG --- [           main] o.s.w.c.s.StandardServletEnvironment     : Adding [servletConfigInitParams] PropertySource with lowest search precedence
2017-08-19 11:57:15,860 DEBUG --- [           main] o.s.w.c.s.StandardServletEnvironment     : Adding [servletContextInitParams] PropertySource with lowest search precedence
2017-08-19 11:57:15,860 DEBUG --- [           main] o.s.w.c.s.StandardServletEnvironment     : Adding [systemProperties] PropertySource with lowest search precedence
2017-08-19 11:57:15,861 DEBUG --- [           main] o.s.w.c.s.StandardServletEnvironment     : Adding [systemEnvironment] PropertySource with lowest search precedence
2017-08-19 11:57:15,861 DEBUG --- [           main] o.s.w.c.s.StandardServletEnvironment     : Initialized StandardServletEnvironment with PropertySources [servletConfigInitParams,servletContextInitParams,systemProperties,systemEnvironment]
2017-08-19 11:57:15,881 DEBUG --- [           main] o.s.w.c.s.StandardServletEnvironment     : Adding [servletConfigInitParams] PropertySource with lowest search precedence
2017-08-19 11:57:15,881 DEBUG --- [           main] o.s.w.c.s.StandardServletEnvironment     : Adding [servletContextInitParams] PropertySource with lowest search precedence
2017-08-19 11:57:15,881 DEBUG --- [           main] o.s.w.c.s.StandardServletEnvironment     : Adding [systemProperties] PropertySource with lowest search precedence
2017-08-19 11:57:15,882 DEBUG --- [           main] o.s.w.c.s.StandardServletEnvironment     : Adding [systemEnvironment] PropertySource with lowest search precedence
2017-08-19 11:57:15,882 DEBUG --- [           main] o.s.w.c.s.StandardServletEnvironment     : Initialized StandardServletEnvironment with PropertySources [servletConfigInitParams,servletContextInitParams,systemProperties,systemEnvironment]
2017-08-19 11:57:15,898 DEBUG --- [           main] o.s.w.c.s.StandardServletEnvironment     : Adding [servletConfigInitParams] PropertySource with lowest search precedence
2017-08-19 11:57:15,898 DEBUG --- [           main] o.s.w.c.s.StandardServletEnvironment     : Adding [servletContextInitParams] PropertySource with lowest search precedence
2017-08-19 11:57:15,899 DEBUG --- [           main] o.s.w.c.s.StandardServletEnvironment     : Adding [systemProperties] PropertySource with lowest search precedence
2017-08-19 11:57:15,899 DEBUG --- [           main] o.s.w.c.s.StandardServletEnvironment     : Adding [systemEnvironment] PropertySource with lowest search precedence
2017-08-19 11:57:15,899 DEBUG --- [           main] o.s.w.c.s.StandardServletEnvironment     : Initialized StandardServletEnvironment with PropertySources [servletConfigInitParams,servletContextInitParams,systemProperties,systemEnvironment]
2017-08-19 11:57:15,912 DEBUG --- [           main] o.s.w.c.s.StandardServletEnvironment     : Adding [servletConfigInitParams] PropertySource with lowest search precedence
2017-08-19 11:57:15,912 DEBUG --- [           main] o.s.w.c.s.StandardServletEnvironment     : Adding [servletContextInitParams] PropertySource with lowest search precedence
2017-08-19 11:57:15,913 DEBUG --- [           main] o.s.w.c.s.StandardServletEnvironment     : Adding [systemProperties] PropertySource with lowest search precedence
2017-08-19 11:57:15,913 DEBUG --- [           main] o.s.w.c.s.StandardServletEnvironment     : Adding [systemEnvironment] PropertySource with lowest search precedence
2017-08-19 11:57:15,914 DEBUG --- [           main] o.s.w.c.s.StandardServletEnvironment     : Initialized StandardServletEnvironment with PropertySources [servletConfigInitParams,servletContextInitParams,systemProperties,systemEnvironment]
2017-08-19 11:57:15,926 DEBUG --- [           main] o.s.w.c.s.StandardServletEnvironment     : Adding [servletConfigInitParams] PropertySource with lowest search precedence
2017-08-19 11:57:15,927 DEBUG --- [           main] o.s.w.c.s.StandardServletEnvironment     : Adding [servletContextInitParams] PropertySource with lowest search precedence
2017-08-19 11:57:15,927 DEBUG --- [           main] o.s.w.c.s.StandardServletEnvironment     : Adding [systemProperties] PropertySource with lowest search precedence
2017-08-19 11:57:15,928 DEBUG --- [           main] o.s.w.c.s.StandardServletEnvironment     : Adding [systemEnvironment] PropertySource with lowest search precedence
2017-08-19 11:57:15,928 DEBUG --- [           main] o.s.w.c.s.StandardServletEnvironment     : Initialized StandardServletEnvironment with PropertySources [servletConfigInitParams,servletContextInitParams,systemProperties,systemEnvironment]
2017-08-19 11:57:15,944 DEBUG --- [           main] o.s.w.c.s.StandardServletEnvironment     : Adding [servletConfigInitParams] PropertySource with lowest search precedence
2017-08-19 11:57:15,945 DEBUG --- [           main] o.s.w.c.s.StandardServletEnvironment     : Adding [servletContextInitParams] PropertySource with lowest search precedence
2017-08-19 11:57:15,946 DEBUG --- [           main] o.s.w.c.s.StandardServletEnvironment     : Adding [systemProperties] PropertySource with lowest search precedence
2017-08-19 11:57:15,947 DEBUG --- [           main] o.s.w.c.s.StandardServletEnvironment     : Adding [systemEnvironment] PropertySource with lowest search precedence
2017-08-19 11:57:15,947 DEBUG --- [           main] o.s.w.c.s.StandardServletEnvironment     : Initialized StandardServletEnvironment with PropertySources [servletConfigInitParams,servletContextInitParams,systemProperties,systemEnvironment]
2017-08-19 11:57:15,955 DEBUG --- [           main] o.s.w.c.s.StandardServletEnvironment     : Adding [servletConfigInitParams] PropertySource with lowest search precedence
2017-08-19 11:57:15,955 DEBUG --- [           main] o.s.w.c.s.StandardServletEnvironment     : Adding [servletContextInitParams] PropertySource with lowest search precedence
2017-08-19 11:57:15,956 DEBUG --- [           main] o.s.w.c.s.StandardServletEnvironment     : Adding [systemProperties] PropertySource with lowest search precedence
2017-08-19 11:57:15,956 DEBUG --- [           main] o.s.w.c.s.StandardServletEnvironment     : Adding [systemEnvironment] PropertySource with lowest search precedence
2017-08-19 11:57:15,956 DEBUG --- [           main] o.s.w.c.s.StandardServletEnvironment     : Initialized StandardServletEnvironment with PropertySources [servletConfigInitParams,servletContextInitParams,systemProperties,systemEnvironment]
2017-08-19 11:57:15,977 DEBUG --- [           main] o.s.w.c.s.StandardServletEnvironment     : Adding [servletConfigInitParams] PropertySource with lowest search precedence
2017-08-19 11:57:15,980 DEBUG --- [           main] o.s.w.c.s.StandardServletEnvironment     : Adding [servletContextInitParams] PropertySource with lowest search precedence
2017-08-19 11:57:15,981 DEBUG --- [           main] o.s.w.c.s.StandardServletEnvironment     : Adding [systemProperties] PropertySource with lowest search precedence
2017-08-19 11:57:15,981 DEBUG --- [           main] o.s.w.c.s.StandardServletEnvironment     : Adding [systemEnvironment] PropertySource with lowest search precedence
2017-08-19 11:57:15,982 DEBUG --- [           main] o.s.w.c.s.StandardServletEnvironment     : Initialized StandardServletEnvironment with PropertySources [servletConfigInitParams,servletContextInitParams,systemProperties,systemEnvironment]
2017-08-19 11:57:15,993 DEBUG --- [           main] o.s.w.c.s.StandardServletEnvironment     : Adding [servletConfigInitParams] PropertySource with lowest search precedence
2017-08-19 11:57:15,994 DEBUG --- [           main] o.s.w.c.s.StandardServletEnvironment     : Adding [servletContextInitParams] PropertySource with lowest search precedence
2017-08-19 11:57:15,994 DEBUG --- [           main] o.s.w.c.s.StandardServletEnvironment     : Adding [systemProperties] PropertySource with lowest search precedence
2017-08-19 11:57:15,994 DEBUG --- [           main] o.s.w.c.s.StandardServletEnvironment     : Adding [systemEnvironment] PropertySource with lowest search precedence
2017-08-19 11:57:15,995 DEBUG --- [           main] o.s.w.c.s.StandardServletEnvironment     : Initialized StandardServletEnvironment with PropertySources [servletConfigInitParams,servletContextInitParams,systemProperties,systemEnvironment]
2017-08-19 11:57:16,005 INFO  --- [           main] o.s.s.web.DefaultSecurityFilterChain     : Creating filter chain: org.springframework.security.web.util.matcher.AnyRequestMatcher@1, [org.springframework.security.web.context.request.async.WebAsyncManagerIntegrationFilter@fb2e3fd, org.springframework.security.web.context.SecurityContextPersistenceFilter@6b6b3572, org.springframework.security.web.header.HeaderWriterFilter@4b0b64cc, org.springframework.security.web.csrf.CsrfFilter@43fda8d9, org.springframework.security.web.authentication.logout.LogoutFilter@35a0e495, org.springframework.security.web.savedrequest.RequestCacheAwareFilter@553bc36c, org.springframework.security.web.servletapi.SecurityContextHolderAwareRequestFilter@2f521c4, org.springframework.security.web.authentication.rememberme.RememberMeAuthenticationFilter@6af5bbd0, org.springframework.security.web.authentication.AnonymousAuthenticationFilter@43a09ce2, org.springframework.security.web.session.SessionManagementFilter@4fa822ad, org.springframework.security.web.access.ExceptionTranslationFilter@313f8301]
2017-08-19 11:57:16,007 DEBUG --- [           main] o.s.w.c.s.StandardServletEnvironment     : Adding [servletConfigInitParams] PropertySource with lowest search precedence
2017-08-19 11:57:16,010 DEBUG --- [           main] o.s.w.c.s.StandardServletEnvironment     : Adding [servletContextInitParams] PropertySource with lowest search precedence
2017-08-19 11:57:16,012 DEBUG --- [           main] o.s.w.c.s.StandardServletEnvironment     : Adding [systemProperties] PropertySource with lowest search precedence
2017-08-19 11:57:16,013 DEBUG --- [           main] o.s.w.c.s.StandardServletEnvironment     : Adding [systemEnvironment] PropertySource with lowest search precedence
2017-08-19 11:57:16,013 DEBUG --- [           main] o.s.w.c.s.StandardServletEnvironment     : Initialized StandardServletEnvironment with PropertySources [servletConfigInitParams,servletContextInitParams,systemProperties,systemEnvironment]
2017-08-19 11:57:16,238 INFO  --- [           main] s.w.s.m.m.a.RequestMappingHandlerAdapter : Looking for @ControllerAdvice: org.springframework.boot.context.embedded.AnnotationConfigEmbeddedWebApplicationContext@610f7aa: startup date [Sat Aug 19 11:57:10 JST 2017]; root of context hierarchy
2017-08-19 11:57:16,365 DEBUG --- [           main] s.w.s.m.m.a.RequestMappingHandlerMapping : Looking for request mappings in application context: org.springframework.boot.context.embedded.AnnotationConfigEmbeddedWebApplicationContext@610f7aa: startup date [Sat Aug 19 11:57:10 JST 2017]; root of context hierarchy
2017-08-19 11:57:16,381 DEBUG --- [           main] s.w.s.m.m.a.RequestMappingHandlerMapping : 1 request handler methods found on class poi.controller.ErrorController: {public java.lang.String poi.controller.ErrorController.notFound()={[/404]}}
2017-08-19 11:57:16,382 INFO  --- [           main] s.w.s.m.m.a.RequestMappingHandlerMapping : Mapped "{[/404]}" onto public java.lang.String poi.controller.ErrorController.notFound()
2017-08-19 11:57:16,384 DEBUG --- [           main] s.w.s.m.m.a.RequestMappingHandlerMapping : 1 request handler methods found on class poi.controller.general.GeneralIndexController: {public java.lang.String poi.controller.general.GeneralIndexController.index()={[/general/],methods=[GET]}}
2017-08-19 11:57:16,384 INFO  --- [           main] s.w.s.m.m.a.RequestMappingHandlerMapping : Mapped "{[/general/],methods=[GET]}" onto public java.lang.String poi.controller.general.GeneralIndexController.index()
2017-08-19 11:57:16,385 DEBUG --- [           main] s.w.s.m.m.a.RequestMappingHandlerMapping : 3 request handler methods found on class poi.controller.general.RegisterController: {public java.lang.String poi.controller.general.RegisterController.register()={[/general/register],methods=[POST]}, public java.lang.String poi.controller.general.RegisterController.create(poi.form.member.LoginForm,org.springframework.ui.Model)={[/general/create],methods=[POST]}, public java.lang.String poi.controller.general.RegisterController.confirm(poi.form.general.UserForm,org.springframework.validation.BindingResult,org.springframework.ui.Model)={[/general/confirm],methods=[POST]}}
2017-08-19 11:57:16,385 INFO  --- [           main] s.w.s.m.m.a.RequestMappingHandlerMapping : Mapped "{[/general/register],methods=[POST]}" onto public java.lang.String poi.controller.general.RegisterController.register()
2017-08-19 11:57:16,386 INFO  --- [           main] s.w.s.m.m.a.RequestMappingHandlerMapping : Mapped "{[/general/create],methods=[POST]}" onto public java.lang.String poi.controller.general.RegisterController.create(poi.form.member.LoginForm,org.springframework.ui.Model)
2017-08-19 11:57:16,387 INFO  --- [           main] s.w.s.m.m.a.RequestMappingHandlerMapping : Mapped "{[/general/confirm],methods=[POST]}" onto public java.lang.String poi.controller.general.RegisterController.confirm(poi.form.general.UserForm,org.springframework.validation.BindingResult,org.springframework.ui.Model)
2017-08-19 11:57:16,388 DEBUG --- [           main] s.w.s.m.m.a.RequestMappingHandlerMapping : 3 request handler methods found on class poi.controller.member.LoginController: {public java.lang.String poi.controller.member.LoginController.logout(org.springframework.ui.Model)={[/member/logout],methods=[GET]}, public java.lang.String poi.controller.member.LoginController.login(poi.form.member.LoginForm,org.springframework.validation.BindingResult,org.springframework.ui.Model)={[/member/login],methods=[POST]}, public java.lang.String poi.controller.member.LoginController.displayLogin(org.springframework.ui.Model)={[/member/index],methods=[GET]}}
2017-08-19 11:57:16,389 INFO  --- [           main] s.w.s.m.m.a.RequestMappingHandlerMapping : Mapped "{[/member/logout],methods=[GET]}" onto public java.lang.String poi.controller.member.LoginController.logout(org.springframework.ui.Model)
2017-08-19 11:57:16,389 INFO  --- [           main] s.w.s.m.m.a.RequestMappingHandlerMapping : Mapped "{[/member/login],methods=[POST]}" onto public java.lang.String poi.controller.member.LoginController.login(poi.form.member.LoginForm,org.springframework.validation.BindingResult,org.springframework.ui.Model)
2017-08-19 11:57:16,389 INFO  --- [           main] s.w.s.m.m.a.RequestMappingHandlerMapping : Mapped "{[/member/index],methods=[GET]}" onto public java.lang.String poi.controller.member.LoginController.displayLogin(org.springframework.ui.Model)
2017-08-19 11:57:16,390 DEBUG --- [           main] s.w.s.m.m.a.RequestMappingHandlerMapping : 2 request handler methods found on class poi.controller.member.MemberTopController: {public java.lang.String poi.controller.member.MemberTopController.index(org.springframework.ui.Model)={[/member/top],methods=[GET]}, public java.lang.String poi.controller.member.MemberTopController.indexFromMember()={[/member/top],methods=[POST]}}
2017-08-19 11:57:16,391 INFO  --- [           main] s.w.s.m.m.a.RequestMappingHandlerMapping : Mapped "{[/member/top],methods=[GET]}" onto public java.lang.String poi.controller.member.MemberTopController.index(org.springframework.ui.Model)
2017-08-19 11:57:16,391 INFO  --- [           main] s.w.s.m.m.a.RequestMappingHandlerMapping : Mapped "{[/member/top],methods=[POST]}" onto public java.lang.String poi.controller.member.MemberTopController.indexFromMember()
2017-08-19 11:57:16,392 DEBUG --- [           main] s.w.s.m.m.a.RequestMappingHandlerMapping : 2 request handler methods found on class poi.controller.member.SearchController: {public java.lang.String poi.controller.member.SearchController.displayArticleselectedByCategory(org.springframework.web.servlet.mvc.support.RedirectAttributes,java.lang.String,java.lang.String)={[/member/search],methods=[POST]}, public java.lang.String poi.controller.member.SearchController.selectedArticle(org.springframework.ui.Model,java.lang.String,java.lang.String,java.lang.String)={[/member/select],methods=[POST]}}
2017-08-19 11:57:16,393 INFO  --- [           main] s.w.s.m.m.a.RequestMappingHandlerMapping : Mapped "{[/member/search],methods=[POST]}" onto public java.lang.String poi.controller.member.SearchController.displayArticleselectedByCategory(org.springframework.web.servlet.mvc.support.RedirectAttributes,java.lang.String,java.lang.String)
2017-08-19 11:57:16,393 INFO  --- [           main] s.w.s.m.m.a.RequestMappingHandlerMapping : Mapped "{[/member/select],methods=[POST]}" onto public java.lang.String poi.controller.member.SearchController.selectedArticle(org.springframework.ui.Model,java.lang.String,java.lang.String,java.lang.String)
2017-08-19 11:57:16,400 DEBUG --- [           main] s.w.s.m.m.a.RequestMappingHandlerMapping : 7 request handler methods found on class poi.controller.member.WorkController: {public java.lang.String poi.controller.member.WorkController.update(org.springframework.web.servlet.mvc.support.RedirectAttributes,poi.form.member.ArticleForm,java.lang.String)={[/member/update],methods=[POST]}, public java.lang.String poi.controller.member.WorkController.create(poi.form.member.ArticleForm,org.springframework.validation.BindingResult,org.springframework.web.servlet.mvc.support.RedirectAttributes)={[/member/create],methods=[POST]}, public java.lang.String poi.controller.member.WorkController.displayCreate(org.springframework.ui.Model)={[/member/create],methods=[GET]}, public java.lang.String poi.controller.member.WorkController.displayUpdate(poi.form.member.ArticleForm,org.springframework.ui.Model,java.lang.String)={[/member/update/{articleId}],methods=[GET]}, public java.lang.String poi.controller.member.WorkController.displayDelete(org.springframework.web.servlet.mvc.support.RedirectAttributes,java.lang.String)={[/member/delete/{articleId}],methods=[GET]}, public java.lang.String poi.controller.member.WorkController.displaySetting(poi.form.general.UserForm,org.springframework.ui.Model)={[/member/setting],methods=[GET]}, public java.lang.String poi.controller.member.WorkController.editSetting(poi.form.general.UserForm,org.springframework.validation.BindingResult,org.springframework.web.servlet.mvc.support.RedirectAttributes)={[/member/setting],methods=[POST]}}
2017-08-19 11:57:16,400 INFO  --- [           main] s.w.s.m.m.a.RequestMappingHandlerMapping : Mapped "{[/member/update],methods=[POST]}" onto public java.lang.String poi.controller.member.WorkController.update(org.springframework.web.servlet.mvc.support.RedirectAttributes,poi.form.member.ArticleForm,java.lang.String)
2017-08-19 11:57:16,401 INFO  --- [           main] s.w.s.m.m.a.RequestMappingHandlerMapping : Mapped "{[/member/create],methods=[POST]}" onto public java.lang.String poi.controller.member.WorkController.create(poi.form.member.ArticleForm,org.springframework.validation.BindingResult,org.springframework.web.servlet.mvc.support.RedirectAttributes)
2017-08-19 11:57:16,402 INFO  --- [           main] s.w.s.m.m.a.RequestMappingHandlerMapping : Mapped "{[/member/create],methods=[GET]}" onto public java.lang.String poi.controller.member.WorkController.displayCreate(org.springframework.ui.Model)
2017-08-19 11:57:16,402 INFO  --- [           main] s.w.s.m.m.a.RequestMappingHandlerMapping : Mapped "{[/member/update/{articleId}],methods=[GET]}" onto public java.lang.String poi.controller.member.WorkController.displayUpdate(poi.form.member.ArticleForm,org.springframework.ui.Model,java.lang.String)
2017-08-19 11:57:16,402 INFO  --- [           main] s.w.s.m.m.a.RequestMappingHandlerMapping : Mapped "{[/member/delete/{articleId}],methods=[GET]}" onto public java.lang.String poi.controller.member.WorkController.displayDelete(org.springframework.web.servlet.mvc.support.RedirectAttributes,java.lang.String)
2017-08-19 11:57:16,402 INFO  --- [           main] s.w.s.m.m.a.RequestMappingHandlerMapping : Mapped "{[/member/setting],methods=[GET]}" onto public java.lang.String poi.controller.member.WorkController.displaySetting(poi.form.general.UserForm,org.springframework.ui.Model)
2017-08-19 11:57:16,403 INFO  --- [           main] s.w.s.m.m.a.RequestMappingHandlerMapping : Mapped "{[/member/setting],methods=[POST]}" onto public java.lang.String poi.controller.member.WorkController.editSetting(poi.form.general.UserForm,org.springframework.validation.BindingResult,org.springframework.web.servlet.mvc.support.RedirectAttributes)
2017-08-19 11:57:16,407 DEBUG --- [           main] s.w.s.m.m.a.RequestMappingHandlerMapping : 2 request handler methods found on class org.springframework.boot.autoconfigure.web.BasicErrorController: {public org.springframework.http.ResponseEntity org.springframework.boot.autoconfigure.web.BasicErrorController.error(javax.servlet.http.HttpServletRequest)={[/error]}, public org.springframework.web.servlet.ModelAndView org.springframework.boot.autoconfigure.web.BasicErrorController.errorHtml(javax.servlet.http.HttpServletRequest,javax.servlet.http.HttpServletResponse)={[/error],produces=[text/html]}}
2017-08-19 11:57:16,407 INFO  --- [           main] s.w.s.m.m.a.RequestMappingHandlerMapping : Mapped "{[/error]}" onto public org.springframework.http.ResponseEntity<java.util.Map<java.lang.String, java.lang.Object>> org.springframework.boot.autoconfigure.web.BasicErrorController.error(javax.servlet.http.HttpServletRequest)
2017-08-19 11:57:16,408 INFO  --- [           main] s.w.s.m.m.a.RequestMappingHandlerMapping : Mapped "{[/error],produces=[text/html]}" onto public org.springframework.web.servlet.ModelAndView org.springframework.boot.autoconfigure.web.BasicErrorController.errorHtml(javax.servlet.http.HttpServletRequest,javax.servlet.http.HttpServletResponse)
2017-08-19 11:57:16,465 DEBUG --- [           main] o.s.w.s.h.BeanNameUrlHandlerMapping      : Looking for URL mappings in application context: org.springframework.boot.context.embedded.AnnotationConfigEmbeddedWebApplicationContext@610f7aa: startup date [Sat Aug 19 11:57:10 JST 2017]; root of context hierarchy
2017-08-19 11:57:16,466 DEBUG --- [           main] o.s.w.s.h.BeanNameUrlHandlerMapping      : Rejected bean name 'org.springframework.context.annotation.internalConfigurationAnnotationProcessor': no URL paths identified
2017-08-19 11:57:16,466 DEBUG --- [           main] o.s.w.s.h.BeanNameUrlHandlerMapping      : Rejected bean name 'org.springframework.context.annotation.internalAutowiredAnnotationProcessor': no URL paths identified
2017-08-19 11:57:16,466 DEBUG --- [           main] o.s.w.s.h.BeanNameUrlHandlerMapping      : Rejected bean name 'org.springframework.context.annotation.internalRequiredAnnotationProcessor': no URL paths identified
2017-08-19 11:57:16,466 DEBUG --- [           main] o.s.w.s.h.BeanNameUrlHandlerMapping      : Rejected bean name 'org.springframework.context.annotation.internalCommonAnnotationProcessor': no URL paths identified
2017-08-19 11:57:16,466 DEBUG --- [           main] o.s.w.s.h.BeanNameUrlHandlerMapping      : Rejected bean name 'org.springframework.context.event.internalEventListenerProcessor': no URL paths identified
2017-08-19 11:57:16,466 DEBUG --- [           main] o.s.w.s.h.BeanNameUrlHandlerMapping      : Rejected bean name 'org.springframework.context.event.internalEventListenerFactory': no URL paths identified
2017-08-19 11:57:16,466 DEBUG --- [           main] o.s.w.s.h.BeanNameUrlHandlerMapping      : Rejected bean name 'poiApplication': no URL paths identified
2017-08-19 11:57:16,466 DEBUG --- [           main] o.s.w.s.h.BeanNameUrlHandlerMapping      : Rejected bean name 'org.springframework.boot.autoconfigure.internalCachingMetadataReaderFactory': no URL paths identified
2017-08-19 11:57:16,467 DEBUG --- [           main] o.s.w.s.h.BeanNameUrlHandlerMapping      : Rejected bean name 'dataSourceConfiguration': no URL paths identified
2017-08-19 11:57:16,467 DEBUG --- [           main] o.s.w.s.h.BeanNameUrlHandlerMapping      : Rejected bean name 'poiProperites': no URL paths identified
2017-08-19 11:57:16,467 DEBUG --- [           main] o.s.w.s.h.BeanNameUrlHandlerMapping      : Rejected bean name 'webApplicationConfiguration': no URL paths identified
2017-08-19 11:57:16,467 DEBUG --- [           main] o.s.w.s.h.BeanNameUrlHandlerMapping      : Rejected bean name 'webSecurityConfig': no URL paths identified
2017-08-19 11:57:16,467 DEBUG --- [           main] o.s.w.s.h.BeanNameUrlHandlerMapping      : Rejected bean name 'errorController': no URL paths identified
2017-08-19 11:57:16,467 DEBUG --- [           main] o.s.w.s.h.BeanNameUrlHandlerMapping      : Rejected bean name 'generalIndexController': no URL paths identified
2017-08-19 11:57:16,467 DEBUG --- [           main] o.s.w.s.h.BeanNameUrlHandlerMapping      : Rejected bean name 'registerController': no URL paths identified
2017-08-19 11:57:16,467 DEBUG --- [           main] o.s.w.s.h.BeanNameUrlHandlerMapping      : Rejected bean name 'loginController': no URL paths identified
2017-08-19 11:57:16,467 DEBUG --- [           main] o.s.w.s.h.BeanNameUrlHandlerMapping      : Rejected bean name 'memberTopController': no URL paths identified
2017-08-19 11:57:16,467 DEBUG --- [           main] o.s.w.s.h.BeanNameUrlHandlerMapping      : Rejected bean name 'searchController': no URL paths identified
2017-08-19 11:57:16,467 DEBUG --- [           main] o.s.w.s.h.BeanNameUrlHandlerMapping      : Rejected bean name 'workController': no URL paths identified
2017-08-19 11:57:16,468 DEBUG --- [           main] o.s.w.s.h.BeanNameUrlHandlerMapping      : Rejected bean name 'articleTDaoImpl': no URL paths identified
2017-08-19 11:57:16,468 DEBUG --- [           main] o.s.w.s.h.BeanNameUrlHandlerMapping      : Rejected bean name 'categoryTDaoImpl': no URL paths identified
2017-08-19 11:57:16,468 DEBUG --- [           main] o.s.w.s.h.BeanNameUrlHandlerMapping      : Rejected bean name 'userTDaoImpl': no URL paths identified
2017-08-19 11:57:16,468 DEBUG --- [           main] o.s.w.s.h.BeanNameUrlHandlerMapping      : Rejected bean name 'articleService': no URL paths identified
2017-08-19 11:57:16,468 DEBUG --- [           main] o.s.w.s.h.BeanNameUrlHandlerMapping      : Rejected bean name 'userService': no URL paths identified
2017-08-19 11:57:16,468 DEBUG --- [           main] o.s.w.s.h.BeanNameUrlHandlerMapping      : Rejected bean name 'scopedTarget.userDto': no URL paths identified
2017-08-19 11:57:16,468 DEBUG --- [           main] o.s.w.s.h.BeanNameUrlHandlerMapping      : Rejected bean name 'userDto': no URL paths identified
2017-08-19 11:57:16,469 DEBUG --- [           main] o.s.w.s.h.BeanNameUrlHandlerMapping      : Rejected bean name 'scopedTarget.sessionUserDto': no URL paths identified
2017-08-19 11:57:16,469 DEBUG --- [           main] o.s.w.s.h.BeanNameUrlHandlerMapping      : Rejected bean name 'sessionUserDto': no URL paths identified
2017-08-19 11:57:16,469 DEBUG --- [           main] o.s.w.s.h.BeanNameUrlHandlerMapping      : Rejected bean name 'dataSource': no URL paths identified
2017-08-19 11:57:16,469 DEBUG --- [           main] o.s.w.s.h.BeanNameUrlHandlerMapping      : Rejected bean name 'sessionInterceptor': no URL paths identified
2017-08-19 11:57:16,471 DEBUG --- [           main] o.s.w.s.h.BeanNameUrlHandlerMapping      : Rejected bean name 'interceptor': no URL paths identified
2017-08-19 11:57:16,472 DEBUG --- [           main] o.s.w.s.h.BeanNameUrlHandlerMapping      : Rejected bean name 'webMvcConfigurerAdapter': no URL paths identified
2017-08-19 11:57:16,472 DEBUG --- [           main] o.s.w.s.h.BeanNameUrlHandlerMapping      : Rejected bean name 'org.springframework.security.config.annotation.authentication.configuration.AuthenticationConfiguration': no URL paths identified
2017-08-19 11:57:16,472 DEBUG --- [           main] o.s.w.s.h.BeanNameUrlHandlerMapping      : Rejected bean name 'authenticationManagerBuilder': no URL paths identified
2017-08-19 11:57:16,472 DEBUG --- [           main] o.s.w.s.h.BeanNameUrlHandlerMapping      : Rejected bean name 'enableGlobalAuthenticationAutowiredConfigurer': no URL paths identified
2017-08-19 11:57:16,472 DEBUG --- [           main] o.s.w.s.h.BeanNameUrlHandlerMapping      : Rejected bean name 'initializeUserDetailsBeanManagerConfigurer': no URL paths identified
2017-08-19 11:57:16,472 DEBUG --- [           main] o.s.w.s.h.BeanNameUrlHandlerMapping      : Rejected bean name 'initializeAuthenticationProviderBeanManagerConfigurer': no URL paths identified
2017-08-19 11:57:16,472 DEBUG --- [           main] o.s.w.s.h.BeanNameUrlHandlerMapping      : Rejected bean name 'org.springframework.security.config.annotation.web.configuration.WebSecurityConfiguration': no URL paths identified
2017-08-19 11:57:16,472 DEBUG --- [           main] o.s.w.s.h.BeanNameUrlHandlerMapping      : Rejected bean name 'delegatingApplicationListener': no URL paths identified
2017-08-19 11:57:16,473 DEBUG --- [           main] o.s.w.s.h.BeanNameUrlHandlerMapping      : Rejected bean name 'webSecurityExpressionHandler': no URL paths identified
2017-08-19 11:57:16,473 DEBUG --- [           main] o.s.w.s.h.BeanNameUrlHandlerMapping      : Rejected bean name 'springSecurityFilterChain': no URL paths identified
2017-08-19 11:57:16,473 DEBUG --- [           main] o.s.w.s.h.BeanNameUrlHandlerMapping      : Rejected bean name 'privilegeEvaluator': no URL paths identified
2017-08-19 11:57:16,473 DEBUG --- [           main] o.s.w.s.h.BeanNameUrlHandlerMapping      : Rejected bean name 'autowiredWebSecurityConfigurersIgnoreParents': no URL paths identified
2017-08-19 11:57:16,473 DEBUG --- [           main] o.s.w.s.h.BeanNameUrlHandlerMapping      : Rejected bean name 'org.springframework.security.config.annotation.configuration.ObjectPostProcessorConfiguration': no URL paths identified
2017-08-19 11:57:16,473 DEBUG --- [           main] o.s.w.s.h.BeanNameUrlHandlerMapping      : Rejected bean name 'objectPostProcessor': no URL paths identified
2017-08-19 11:57:16,473 DEBUG --- [           main] o.s.w.s.h.BeanNameUrlHandlerMapping      : Rejected bean name 'org.springframework.security.config.annotation.web.configuration.WebMvcSecurityConfiguration': no URL paths identified
2017-08-19 11:57:16,473 DEBUG --- [           main] o.s.w.s.h.BeanNameUrlHandlerMapping      : Rejected bean name 'requestDataValueProcessor': no URL paths identified
2017-08-19 11:57:16,474 DEBUG --- [           main] o.s.w.s.h.BeanNameUrlHandlerMapping      : Rejected bean name 'accessDeniedHandler': no URL paths identified
2017-08-19 11:57:16,474 DEBUG --- [           main] o.s.w.s.h.BeanNameUrlHandlerMapping      : Rejected bean name 'containerCustomizer': no URL paths identified
2017-08-19 11:57:16,474 DEBUG --- [           main] o.s.w.s.h.BeanNameUrlHandlerMapping      : Rejected bean name 'txAdvice': no URL paths identified
2017-08-19 11:57:16,474 DEBUG --- [           main] o.s.w.s.h.BeanNameUrlHandlerMapping      : Rejected bean name 'org.springframework.aop.config.internalAutoProxyCreator': no URL paths identified
2017-08-19 11:57:16,474 DEBUG --- [           main] o.s.w.s.h.BeanNameUrlHandlerMapping      : Rejected bean name 'pointcutController': no URL paths identified
2017-08-19 11:57:16,474 DEBUG --- [           main] o.s.w.s.h.BeanNameUrlHandlerMapping      : Rejected bean name 'org.springframework.aop.support.DefaultBeanFactoryPointcutAdvisor#0': no URL paths identified
2017-08-19 11:57:16,474 DEBUG --- [           main] o.s.w.s.h.BeanNameUrlHandlerMapping      : Rejected bean name 'org.springframework.boot.autoconfigure.AutoConfigurationPackages': no URL paths identified
2017-08-19 11:57:16,475 DEBUG --- [           main] o.s.w.s.h.BeanNameUrlHandlerMapping      : Rejected bean name 'org.springframework.boot.autoconfigure.condition.BeanTypeRegistry': no URL paths identified
2017-08-19 11:57:16,475 DEBUG --- [           main] o.s.w.s.h.BeanNameUrlHandlerMapping      : Rejected bean name 'org.springframework.boot.autoconfigure.MessageSourceAutoConfiguration': no URL paths identified
2017-08-19 11:57:16,475 DEBUG --- [           main] o.s.w.s.h.BeanNameUrlHandlerMapping      : Rejected bean name 'messageSource': no URL paths identified
2017-08-19 11:57:16,475 DEBUG --- [           main] o.s.w.s.h.BeanNameUrlHandlerMapping      : Rejected bean name 'org.springframework.boot.context.properties.ConfigurationPropertiesBindingPostProcessor': no URL paths identified
2017-08-19 11:57:16,475 DEBUG --- [           main] o.s.w.s.h.BeanNameUrlHandlerMapping      : Rejected bean name 'org.springframework.boot.context.properties.ConfigurationPropertiesBindingPostProcessor.store': no URL paths identified
2017-08-19 11:57:16,475 DEBUG --- [           main] o.s.w.s.h.BeanNameUrlHandlerMapping      : Rejected bean name 'org.springframework.boot.autoconfigure.PropertyPlaceholderAutoConfiguration': no URL paths identified
2017-08-19 11:57:16,475 DEBUG --- [           main] o.s.w.s.h.BeanNameUrlHandlerMapping      : Rejected bean name 'propertySourcesPlaceholderConfigurer': no URL paths identified
2017-08-19 11:57:16,475 DEBUG --- [           main] o.s.w.s.h.BeanNameUrlHandlerMapping      : Rejected bean name 'org.springframework.boot.autoconfigure.jackson.JacksonAutoConfiguration$Jackson2ObjectMapperBuilderCustomizerConfiguration': no URL paths identified
2017-08-19 11:57:16,475 DEBUG --- [           main] o.s.w.s.h.BeanNameUrlHandlerMapping      : Rejected bean name 'standardJacksonObjectMapperBuilderCustomizer': no URL paths identified
2017-08-19 11:57:16,476 DEBUG --- [           main] o.s.w.s.h.BeanNameUrlHandlerMapping      : Rejected bean name 'spring.jackson-org.springframework.boot.autoconfigure.jackson.JacksonProperties': no URL paths identified
2017-08-19 11:57:16,477 DEBUG --- [           main] o.s.w.s.h.BeanNameUrlHandlerMapping      : Rejected bean name 'org.springframework.boot.autoconfigure.jackson.JacksonAutoConfiguration$JacksonObjectMapperBuilderConfiguration': no URL paths identified
2017-08-19 11:57:16,477 DEBUG --- [           main] o.s.w.s.h.BeanNameUrlHandlerMapping      : Rejected bean name 'jacksonObjectMapperBuilder': no URL paths identified
2017-08-19 11:57:16,477 DEBUG --- [           main] o.s.w.s.h.BeanNameUrlHandlerMapping      : Rejected bean name 'org.springframework.boot.autoconfigure.jackson.JacksonAutoConfiguration$JacksonObjectMapperConfiguration': no URL paths identified
2017-08-19 11:57:16,477 DEBUG --- [           main] o.s.w.s.h.BeanNameUrlHandlerMapping      : Rejected bean name 'jacksonObjectMapper': no URL paths identified
2017-08-19 11:57:16,477 DEBUG --- [           main] o.s.w.s.h.BeanNameUrlHandlerMapping      : Rejected bean name 'org.springframework.boot.autoconfigure.jackson.JacksonAutoConfiguration': no URL paths identified
2017-08-19 11:57:16,477 DEBUG --- [           main] o.s.w.s.h.BeanNameUrlHandlerMapping      : Rejected bean name 'jsonComponentModule': no URL paths identified
2017-08-19 11:57:16,477 DEBUG --- [           main] o.s.w.s.h.BeanNameUrlHandlerMapping      : Rejected bean name 'org.springframework.boot.autoconfigure.websocket.WebSocketAutoConfiguration$TomcatWebSocketConfiguration': no URL paths identified
2017-08-19 11:57:16,477 DEBUG --- [           main] o.s.w.s.h.BeanNameUrlHandlerMapping      : Rejected bean name 'websocketContainerCustomizer': no URL paths identified
2017-08-19 11:57:16,477 DEBUG --- [           main] o.s.w.s.h.BeanNameUrlHandlerMapping      : Rejected bean name 'org.springframework.boot.autoconfigure.websocket.WebSocketAutoConfiguration': no URL paths identified
2017-08-19 11:57:16,478 DEBUG --- [           main] o.s.w.s.h.BeanNameUrlHandlerMapping      : Rejected bean name 'org.springframework.boot.autoconfigure.web.EmbeddedServletContainerAutoConfiguration$EmbeddedTomcat': no URL paths identified
2017-08-19 11:57:16,478 DEBUG --- [           main] o.s.w.s.h.BeanNameUrlHandlerMapping      : Rejected bean name 'tomcatEmbeddedServletContainerFactory': no URL paths identified
2017-08-19 11:57:16,478 DEBUG --- [           main] o.s.w.s.h.BeanNameUrlHandlerMapping      : Rejected bean name 'org.springframework.boot.autoconfigure.web.EmbeddedServletContainerAutoConfiguration': no URL paths identified
2017-08-19 11:57:16,478 DEBUG --- [           main] o.s.w.s.h.BeanNameUrlHandlerMapping      : Rejected bean name 'embeddedServletContainerCustomizerBeanPostProcessor': no URL paths identified
2017-08-19 11:57:16,478 DEBUG --- [           main] o.s.w.s.h.BeanNameUrlHandlerMapping      : Rejected bean name 'errorPageRegistrarBeanPostProcessor': no URL paths identified
2017-08-19 11:57:16,478 DEBUG --- [           main] o.s.w.s.h.BeanNameUrlHandlerMapping      : Rejected bean name 'org.springframework.boot.autoconfigure.web.DispatcherServletAutoConfiguration$DispatcherServletConfiguration': no URL paths identified
2017-08-19 11:57:16,478 DEBUG --- [           main] o.s.w.s.h.BeanNameUrlHandlerMapping      : Rejected bean name 'dispatcherServlet': no URL paths identified
2017-08-19 11:57:16,478 DEBUG --- [           main] o.s.w.s.h.BeanNameUrlHandlerMapping      : Rejected bean name 'spring.mvc-org.springframework.boot.autoconfigure.web.WebMvcProperties': no URL paths identified
2017-08-19 11:57:16,478 DEBUG --- [           main] o.s.w.s.h.BeanNameUrlHandlerMapping      : Rejected bean name 'org.springframework.boot.autoconfigure.web.DispatcherServletAutoConfiguration$DispatcherServletRegistrationConfiguration': no URL paths identified
2017-08-19 11:57:16,478 DEBUG --- [           main] o.s.w.s.h.BeanNameUrlHandlerMapping      : Rejected bean name 'dispatcherServletRegistration': no URL paths identified
2017-08-19 11:57:16,479 DEBUG --- [           main] o.s.w.s.h.BeanNameUrlHandlerMapping      : Rejected bean name 'org.springframework.boot.autoconfigure.web.DispatcherServletAutoConfiguration': no URL paths identified
2017-08-19 11:57:16,479 DEBUG --- [           main] o.s.w.s.h.BeanNameUrlHandlerMapping      : Rejected bean name 'org.springframework.boot.autoconfigure.web.ErrorMvcAutoConfiguration': no URL paths identified
2017-08-19 11:57:16,479 DEBUG --- [           main] o.s.w.s.h.BeanNameUrlHandlerMapping      : Rejected bean name 'errorAttributes': no URL paths identified
2017-08-19 11:57:16,480 DEBUG --- [           main] o.s.w.s.h.BeanNameUrlHandlerMapping      : Rejected bean name 'basicErrorController': no URL paths identified
2017-08-19 11:57:16,480 DEBUG --- [           main] o.s.w.s.h.BeanNameUrlHandlerMapping      : Rejected bean name 'errorPageCustomizer': no URL paths identified
2017-08-19 11:57:16,480 DEBUG --- [           main] o.s.w.s.h.BeanNameUrlHandlerMapping      : Rejected bean name 'conventionErrorViewResolver': no URL paths identified
2017-08-19 11:57:16,482 DEBUG --- [           main] o.s.w.s.h.BeanNameUrlHandlerMapping      : Rejected bean name 'preserveErrorControllerTargetClassPostProcessor': no URL paths identified
2017-08-19 11:57:16,482 DEBUG --- [           main] o.s.w.s.h.BeanNameUrlHandlerMapping      : Rejected bean name 'spring.resources-org.springframework.boot.autoconfigure.web.ResourceProperties': no URL paths identified
2017-08-19 11:57:16,482 DEBUG --- [           main] o.s.w.s.h.BeanNameUrlHandlerMapping      : Rejected bean name 'org.springframework.boot.autoconfigure.web.WebMvcAutoConfiguration$EnableWebMvcConfiguration': no URL paths identified
2017-08-19 11:57:16,482 DEBUG --- [           main] o.s.w.s.h.BeanNameUrlHandlerMapping      : Rejected bean name 'requestMappingHandlerAdapter': no URL paths identified
2017-08-19 11:57:16,482 DEBUG --- [           main] o.s.w.s.h.BeanNameUrlHandlerMapping      : Rejected bean name 'requestMappingHandlerMapping': no URL paths identified
2017-08-19 11:57:16,482 DEBUG --- [           main] o.s.w.s.h.BeanNameUrlHandlerMapping      : Rejected bean name 'mvcPathMatcher': no URL paths identified
2017-08-19 11:57:16,482 DEBUG --- [           main] o.s.w.s.h.BeanNameUrlHandlerMapping      : Rejected bean name 'mvcUrlPathHelper': no URL paths identified
2017-08-19 11:57:16,482 DEBUG --- [           main] o.s.w.s.h.BeanNameUrlHandlerMapping      : Rejected bean name 'mvcContentNegotiationManager': no URL paths identified
2017-08-19 11:57:16,482 DEBUG --- [           main] o.s.w.s.h.BeanNameUrlHandlerMapping      : Rejected bean name 'viewControllerHandlerMapping': no URL paths identified
2017-08-19 11:57:16,482 DEBUG --- [           main] o.s.w.s.h.BeanNameUrlHandlerMapping      : Rejected bean name 'beanNameHandlerMapping': no URL paths identified
2017-08-19 11:57:16,483 DEBUG --- [           main] o.s.w.s.h.BeanNameUrlHandlerMapping      : Rejected bean name 'resourceHandlerMapping': no URL paths identified
2017-08-19 11:57:16,483 DEBUG --- [           main] o.s.w.s.h.BeanNameUrlHandlerMapping      : Rejected bean name 'mvcResourceUrlProvider': no URL paths identified
2017-08-19 11:57:16,483 DEBUG --- [           main] o.s.w.s.h.BeanNameUrlHandlerMapping      : Rejected bean name 'defaultServletHandlerMapping': no URL paths identified
2017-08-19 11:57:16,485 DEBUG --- [           main] o.s.w.s.h.BeanNameUrlHandlerMapping      : Rejected bean name 'mvcConversionService': no URL paths identified
2017-08-19 11:57:16,487 DEBUG --- [           main] o.s.w.s.h.BeanNameUrlHandlerMapping      : Rejected bean name 'mvcValidator': no URL paths identified
2017-08-19 11:57:16,488 DEBUG --- [           main] o.s.w.s.h.BeanNameUrlHandlerMapping      : Rejected bean name 'mvcUriComponentsContributor': no URL paths identified
2017-08-19 11:57:16,488 DEBUG --- [           main] o.s.w.s.h.BeanNameUrlHandlerMapping      : Rejected bean name 'httpRequestHandlerAdapter': no URL paths identified
2017-08-19 11:57:16,488 DEBUG --- [           main] o.s.w.s.h.BeanNameUrlHandlerMapping      : Rejected bean name 'simpleControllerHandlerAdapter': no URL paths identified
2017-08-19 11:57:16,488 DEBUG --- [           main] o.s.w.s.h.BeanNameUrlHandlerMapping      : Rejected bean name 'handlerExceptionResolver': no URL paths identified
2017-08-19 11:57:16,488 DEBUG --- [           main] o.s.w.s.h.BeanNameUrlHandlerMapping      : Rejected bean name 'mvcViewResolver': no URL paths identified
2017-08-19 11:57:16,488 DEBUG --- [           main] o.s.w.s.h.BeanNameUrlHandlerMapping      : Rejected bean name 'org.springframework.boot.autoconfigure.web.WebMvcAutoConfiguration$WebMvcAutoConfigurationAdapter$FaviconConfiguration': no URL paths identified
2017-08-19 11:57:16,488 DEBUG --- [           main] o.s.w.s.h.BeanNameUrlHandlerMapping      : Rejected bean name 'faviconHandlerMapping': no URL paths identified
2017-08-19 11:57:16,488 DEBUG --- [           main] o.s.w.s.h.BeanNameUrlHandlerMapping      : Rejected bean name 'faviconRequestHandler': no URL paths identified
2017-08-19 11:57:16,488 DEBUG --- [           main] o.s.w.s.h.BeanNameUrlHandlerMapping      : Rejected bean name 'org.springframework.boot.autoconfigure.web.WebMvcAutoConfiguration$WebMvcAutoConfigurationAdapter': no URL paths identified
2017-08-19 11:57:16,489 DEBUG --- [           main] o.s.w.s.h.BeanNameUrlHandlerMapping      : Rejected bean name 'defaultViewResolver': no URL paths identified
2017-08-19 11:57:16,489 DEBUG --- [           main] o.s.w.s.h.BeanNameUrlHandlerMapping      : Rejected bean name 'viewResolver': no URL paths identified
2017-08-19 11:57:16,489 DEBUG --- [           main] o.s.w.s.h.BeanNameUrlHandlerMapping      : Rejected bean name 'welcomePageHandlerMapping': no URL paths identified
2017-08-19 11:57:16,489 DEBUG --- [           main] o.s.w.s.h.BeanNameUrlHandlerMapping      : Rejected bean name 'requestContextFilter': no URL paths identified
2017-08-19 11:57:16,489 DEBUG --- [           main] o.s.w.s.h.BeanNameUrlHandlerMapping      : Rejected bean name 'org.springframework.boot.autoconfigure.web.WebMvcAutoConfiguration': no URL paths identified
2017-08-19 11:57:16,491 DEBUG --- [           main] o.s.w.s.h.BeanNameUrlHandlerMapping      : Rejected bean name 'hiddenHttpMethodFilter': no URL paths identified
2017-08-19 11:57:16,493 DEBUG --- [           main] o.s.w.s.h.BeanNameUrlHandlerMapping      : Rejected bean name 'httpPutFormContentFilter': no URL paths identified
2017-08-19 11:57:16,493 DEBUG --- [           main] o.s.w.s.h.BeanNameUrlHandlerMapping      : Rejected bean name 'org.springframework.boot.autoconfigure.jmx.JmxAutoConfiguration': no URL paths identified
2017-08-19 11:57:16,493 DEBUG --- [           main] o.s.w.s.h.BeanNameUrlHandlerMapping      : Rejected bean name 'mbeanExporter': no URL paths identified
2017-08-19 11:57:16,493 DEBUG --- [           main] o.s.w.s.h.BeanNameUrlHandlerMapping      : Rejected bean name 'objectNamingStrategy': no URL paths identified
2017-08-19 11:57:16,493 DEBUG --- [           main] o.s.w.s.h.BeanNameUrlHandlerMapping      : Rejected bean name 'mbeanServer': no URL paths identified
2017-08-19 11:57:16,493 DEBUG --- [           main] o.s.w.s.h.BeanNameUrlHandlerMapping      : Rejected bean name 'org.springframework.boot.autoconfigure.admin.SpringApplicationAdminJmxAutoConfiguration': no URL paths identified
2017-08-19 11:57:16,494 DEBUG --- [           main] o.s.w.s.h.BeanNameUrlHandlerMapping      : Rejected bean name 'springApplicationAdminRegistrar': no URL paths identified
2017-08-19 11:57:16,494 DEBUG --- [           main] o.s.w.s.h.BeanNameUrlHandlerMapping      : Rejected bean name 'org.springframework.boot.autoconfigure.aop.AopAutoConfiguration$JdkDynamicAutoProxyConfiguration': no URL paths identified
2017-08-19 11:57:16,494 DEBUG --- [           main] o.s.w.s.h.BeanNameUrlHandlerMapping      : Rejected bean name 'org.springframework.boot.autoconfigure.aop.AopAutoConfiguration': no URL paths identified
2017-08-19 11:57:16,494 DEBUG --- [           main] o.s.w.s.h.BeanNameUrlHandlerMapping      : Rejected bean name 'org.springframework.boot.autoconfigure.jdbc.metadata.DataSourcePoolMetadataProvidersConfiguration$TomcatDataSourcePoolMetadataProviderConfiguration': no URL paths identified
2017-08-19 11:57:16,494 DEBUG --- [           main] o.s.w.s.h.BeanNameUrlHandlerMapping      : Rejected bean name 'tomcatPoolDataSourceMetadataProvider': no URL paths identified
2017-08-19 11:57:16,494 DEBUG --- [           main] o.s.w.s.h.BeanNameUrlHandlerMapping      : Rejected bean name 'org.springframework.boot.autoconfigure.jdbc.metadata.DataSourcePoolMetadataProvidersConfiguration': no URL paths identified
2017-08-19 11:57:16,494 DEBUG --- [           main] o.s.w.s.h.BeanNameUrlHandlerMapping      : Rejected bean name 'org.springframework.boot.autoconfigure.jdbc.DataSourceAutoConfiguration': no URL paths identified
2017-08-19 11:57:16,494 DEBUG --- [           main] o.s.w.s.h.BeanNameUrlHandlerMapping      : Rejected bean name 'dataSourceInitializer': no URL paths identified
2017-08-19 11:57:16,494 DEBUG --- [           main] o.s.w.s.h.BeanNameUrlHandlerMapping      : Rejected bean name 'spring.datasource-org.springframework.boot.autoconfigure.jdbc.DataSourceProperties': no URL paths identified
2017-08-19 11:57:16,494 DEBUG --- [           main] o.s.w.s.h.BeanNameUrlHandlerMapping      : Rejected bean name 'dataSourceInitializerPostProcessor': no URL paths identified
2017-08-19 11:57:16,494 DEBUG --- [           main] o.s.w.s.h.BeanNameUrlHandlerMapping      : Rejected bean name 'org.springframework.boot.autoconfigure.context.ConfigurationPropertiesAutoConfiguration': no URL paths identified
2017-08-19 11:57:16,494 DEBUG --- [           main] o.s.w.s.h.BeanNameUrlHandlerMapping      : Rejected bean name 'org.springframework.boot.autoconfigure.dao.PersistenceExceptionTranslationAutoConfiguration': no URL paths identified
2017-08-19 11:57:16,494 DEBUG --- [           main] o.s.w.s.h.BeanNameUrlHandlerMapping      : Rejected bean name 'persistenceExceptionTranslationPostProcessor': no URL paths identified
2017-08-19 11:57:16,495 DEBUG --- [           main] o.s.w.s.h.BeanNameUrlHandlerMapping      : Rejected bean name 'org.springframework.boot.autoconfigure.web.HttpMessageConvertersAutoConfiguration$StringHttpMessageConverterConfiguration': no URL paths identified
2017-08-19 11:57:16,495 DEBUG --- [           main] o.s.w.s.h.BeanNameUrlHandlerMapping      : Rejected bean name 'stringHttpMessageConverter': no URL paths identified
2017-08-19 11:57:16,495 DEBUG --- [           main] o.s.w.s.h.BeanNameUrlHandlerMapping      : Rejected bean name 'spring.http.encoding-org.springframework.boot.autoconfigure.web.HttpEncodingProperties': no URL paths identified
2017-08-19 11:57:16,495 DEBUG --- [           main] o.s.w.s.h.BeanNameUrlHandlerMapping      : Rejected bean name 'org.springframework.boot.autoconfigure.web.JacksonHttpMessageConvertersConfiguration$MappingJackson2HttpMessageConverterConfiguration': no URL paths identified
2017-08-19 11:57:16,495 DEBUG --- [           main] o.s.w.s.h.BeanNameUrlHandlerMapping      : Rejected bean name 'mappingJackson2HttpMessageConverter': no URL paths identified
2017-08-19 11:57:16,495 DEBUG --- [           main] o.s.w.s.h.BeanNameUrlHandlerMapping      : Rejected bean name 'org.springframework.boot.autoconfigure.web.JacksonHttpMessageConvertersConfiguration': no URL paths identified
2017-08-19 11:57:16,495 DEBUG --- [           main] o.s.w.s.h.BeanNameUrlHandlerMapping      : Rejected bean name 'org.springframework.boot.autoconfigure.web.HttpMessageConvertersAutoConfiguration': no URL paths identified
2017-08-19 11:57:16,495 DEBUG --- [           main] o.s.w.s.h.BeanNameUrlHandlerMapping      : Rejected bean name 'messageConverters': no URL paths identified
2017-08-19 11:57:16,495 DEBUG --- [           main] o.s.w.s.h.BeanNameUrlHandlerMapping      : Rejected bean name 'org.springframework.boot.autoconfigure.security.AuthenticationManagerConfiguration$AuthenticationManagerConfigurationListener': no URL paths identified
2017-08-19 11:57:16,495 DEBUG --- [           main] o.s.w.s.h.BeanNameUrlHandlerMapping      : Rejected bean name 'org.springframework.boot.autoconfigure.security.AuthenticationManagerConfiguration': no URL paths identified
2017-08-19 11:57:16,495 DEBUG --- [           main] o.s.w.s.h.BeanNameUrlHandlerMapping      : Rejected bean name 'authenticationManager': no URL paths identified
2017-08-19 11:57:16,495 DEBUG --- [           main] o.s.w.s.h.BeanNameUrlHandlerMapping      : Rejected bean name 'springBootAuthenticationConfigurerAdapter': no URL paths identified
2017-08-19 11:57:16,495 DEBUG --- [           main] o.s.w.s.h.BeanNameUrlHandlerMapping      : Rejected bean name 'org.springframework.boot.autoconfigure.security.BootGlobalAuthenticationConfiguration': no URL paths identified
2017-08-19 11:57:16,498 DEBUG --- [           main] o.s.w.s.h.BeanNameUrlHandlerMapping      : Rejected bean name 'bootGlobalAuthenticationConfigurationAdapter': no URL paths identified
2017-08-19 11:57:16,500 DEBUG --- [           main] o.s.w.s.h.BeanNameUrlHandlerMapping      : Rejected bean name 'org.springframework.boot.autoconfigure.security.SecurityAutoConfiguration': no URL paths identified
2017-08-19 11:57:16,501 DEBUG --- [           main] o.s.w.s.h.BeanNameUrlHandlerMapping      : Rejected bean name 'authenticationEventPublisher': no URL paths identified
2017-08-19 11:57:16,501 DEBUG --- [           main] o.s.w.s.h.BeanNameUrlHandlerMapping      : Rejected bean name 'securityProperties': no URL paths identified
2017-08-19 11:57:16,501 DEBUG --- [           main] o.s.w.s.h.BeanNameUrlHandlerMapping      : Rejected bean name 'org.springframework.boot.autoconfigure.info.ProjectInfoAutoConfiguration': no URL paths identified
2017-08-19 11:57:16,501 DEBUG --- [           main] o.s.w.s.h.BeanNameUrlHandlerMapping      : Rejected bean name 'spring.info-org.springframework.boot.autoconfigure.info.ProjectInfoProperties': no URL paths identified
2017-08-19 11:57:16,502 DEBUG --- [           main] o.s.w.s.h.BeanNameUrlHandlerMapping      : Rejected bean name 'org.springframework.transaction.annotation.ProxyTransactionManagementConfiguration': no URL paths identified
2017-08-19 11:57:16,502 DEBUG --- [           main] o.s.w.s.h.BeanNameUrlHandlerMapping      : Rejected bean name 'org.springframework.transaction.config.internalTransactionAdvisor': no URL paths identified
2017-08-19 11:57:16,502 DEBUG --- [           main] o.s.w.s.h.BeanNameUrlHandlerMapping      : Rejected bean name 'transactionAttributeSource': no URL paths identified
2017-08-19 11:57:16,503 DEBUG --- [           main] o.s.w.s.h.BeanNameUrlHandlerMapping      : Rejected bean name 'transactionInterceptor': no URL paths identified
2017-08-19 11:57:16,503 DEBUG --- [           main] o.s.w.s.h.BeanNameUrlHandlerMapping      : Rejected bean name 'org.springframework.transaction.config.internalTransactionalEventListenerFactory': no URL paths identified
2017-08-19 11:57:16,503 DEBUG --- [           main] o.s.w.s.h.BeanNameUrlHandlerMapping      : Rejected bean name 'org.springframework.boot.autoconfigure.jdbc.DataSourceTransactionManagerAutoConfiguration$TransactionManagementConfiguration': no URL paths identified
2017-08-19 11:57:16,503 DEBUG --- [           main] o.s.w.s.h.BeanNameUrlHandlerMapping      : Rejected bean name 'org.springframework.boot.autoconfigure.jdbc.DataSourceTransactionManagerAutoConfiguration$DataSourceTransactionManagerConfiguration': no URL paths identified
2017-08-19 11:57:16,503 DEBUG --- [           main] o.s.w.s.h.BeanNameUrlHandlerMapping      : Rejected bean name 'transactionManager': no URL paths identified
2017-08-19 11:57:16,503 DEBUG --- [           main] o.s.w.s.h.BeanNameUrlHandlerMapping      : Rejected bean name 'org.springframework.boot.autoconfigure.jdbc.DataSourceTransactionManagerAutoConfiguration': no URL paths identified
2017-08-19 11:57:16,503 DEBUG --- [           main] o.s.w.s.h.BeanNameUrlHandlerMapping      : Rejected bean name 'org.springframework.boot.autoconfigure.jdbc.JdbcTemplateAutoConfiguration': no URL paths identified
2017-08-19 11:57:16,504 DEBUG --- [           main] o.s.w.s.h.BeanNameUrlHandlerMapping      : Rejected bean name 'jdbcTemplate': no URL paths identified
2017-08-19 11:57:16,504 DEBUG --- [           main] o.s.w.s.h.BeanNameUrlHandlerMapping      : Rejected bean name 'namedParameterJdbcTemplate': no URL paths identified
2017-08-19 11:57:16,504 DEBUG --- [           main] o.s.w.s.h.BeanNameUrlHandlerMapping      : Rejected bean name 'org.springframework.boot.autoconfigure.thymeleaf.ThymeleafAutoConfiguration$ThymeleafResourceHandlingConfig': no URL paths identified
2017-08-19 11:57:16,504 DEBUG --- [           main] o.s.w.s.h.BeanNameUrlHandlerMapping      : Rejected bean name 'org.springframework.boot.autoconfigure.thymeleaf.ThymeleafAutoConfiguration$ThymeleafWebLayoutConfiguration': no URL paths identified
2017-08-19 11:57:16,504 DEBUG --- [           main] o.s.w.s.h.BeanNameUrlHandlerMapping      : Rejected bean name 'layoutDialect': no URL paths identified
2017-08-19 11:57:16,504 DEBUG --- [           main] o.s.w.s.h.BeanNameUrlHandlerMapping      : Rejected bean name 'org.springframework.boot.autoconfigure.thymeleaf.ThymeleafAutoConfiguration$ThymeleafDefaultConfiguration': no URL paths identified
2017-08-19 11:57:16,504 DEBUG --- [           main] o.s.w.s.h.BeanNameUrlHandlerMapping      : Rejected bean name 'templateEngine': no URL paths identified
2017-08-19 11:57:16,504 DEBUG --- [           main] o.s.w.s.h.BeanNameUrlHandlerMapping      : Rejected bean name 'org.springframework.boot.autoconfigure.thymeleaf.ThymeleafAutoConfiguration$Thymeleaf2Configuration$Thymeleaf2ViewResolverConfiguration': no URL paths identified
2017-08-19 11:57:16,504 DEBUG --- [           main] o.s.w.s.h.BeanNameUrlHandlerMapping      : Rejected bean name 'thymeleafViewResolver': no URL paths identified
2017-08-19 11:57:16,504 DEBUG --- [           main] o.s.w.s.h.BeanNameUrlHandlerMapping      : Rejected bean name 'org.springframework.boot.autoconfigure.thymeleaf.ThymeleafAutoConfiguration$Thymeleaf2Configuration$DefaultTemplateResolverConfiguration': no URL paths identified
2017-08-19 11:57:16,504 DEBUG --- [           main] o.s.w.s.h.BeanNameUrlHandlerMapping      : Rejected bean name 'thymeleafResourceResolver': no URL paths identified
2017-08-19 11:57:16,504 DEBUG --- [           main] o.s.w.s.h.BeanNameUrlHandlerMapping      : Rejected bean name 'defaultTemplateResolver': no URL paths identified
2017-08-19 11:57:16,504 DEBUG --- [           main] o.s.w.s.h.BeanNameUrlHandlerMapping      : Rejected bean name 'org.springframework.boot.autoconfigure.thymeleaf.ThymeleafAutoConfiguration$Thymeleaf2Configuration': no URL paths identified
2017-08-19 11:57:16,504 DEBUG --- [           main] o.s.w.s.h.BeanNameUrlHandlerMapping      : Rejected bean name 'org.springframework.boot.autoconfigure.thymeleaf.ThymeleafAutoConfiguration': no URL paths identified
2017-08-19 11:57:16,505 DEBUG --- [           main] o.s.w.s.h.BeanNameUrlHandlerMapping      : Rejected bean name 'spring.thymeleaf-org.springframework.boot.autoconfigure.thymeleaf.ThymeleafProperties': no URL paths identified
2017-08-19 11:57:16,505 DEBUG --- [           main] o.s.w.s.h.BeanNameUrlHandlerMapping      : Rejected bean name 'org.springframework.boot.autoconfigure.security.SecurityFilterAutoConfiguration': no URL paths identified
2017-08-19 11:57:16,505 DEBUG --- [           main] o.s.w.s.h.BeanNameUrlHandlerMapping      : Rejected bean name 'securityFilterChainRegistration': no URL paths identified
2017-08-19 11:57:16,505 DEBUG --- [           main] o.s.w.s.h.BeanNameUrlHandlerMapping      : Rejected bean name 'org.springframework.boot.autoconfigure.transaction.TransactionAutoConfiguration': no URL paths identified
2017-08-19 11:57:16,505 DEBUG --- [           main] o.s.w.s.h.BeanNameUrlHandlerMapping      : Rejected bean name 'transactionTemplate': no URL paths identified
2017-08-19 11:57:16,505 DEBUG --- [           main] o.s.w.s.h.BeanNameUrlHandlerMapping      : Rejected bean name 'org.springframework.boot.autoconfigure.web.HttpEncodingAutoConfiguration': no URL paths identified
2017-08-19 11:57:16,505 DEBUG --- [           main] o.s.w.s.h.BeanNameUrlHandlerMapping      : Rejected bean name 'characterEncodingFilter': no URL paths identified
2017-08-19 11:57:16,505 DEBUG --- [           main] o.s.w.s.h.BeanNameUrlHandlerMapping      : Rejected bean name 'localeCharsetMappingsCustomizer': no URL paths identified
2017-08-19 11:57:16,505 DEBUG --- [           main] o.s.w.s.h.BeanNameUrlHandlerMapping      : Rejected bean name 'org.springframework.boot.autoconfigure.web.MultipartAutoConfiguration': no URL paths identified
2017-08-19 11:57:16,505 DEBUG --- [           main] o.s.w.s.h.BeanNameUrlHandlerMapping      : Rejected bean name 'multipartConfigElement': no URL paths identified
2017-08-19 11:57:16,505 DEBUG --- [           main] o.s.w.s.h.BeanNameUrlHandlerMapping      : Rejected bean name 'multipartResolver': no URL paths identified
2017-08-19 11:57:16,505 DEBUG --- [           main] o.s.w.s.h.BeanNameUrlHandlerMapping      : Rejected bean name 'spring.http.multipart-org.springframework.boot.autoconfigure.web.MultipartProperties': no URL paths identified
2017-08-19 11:57:16,505 DEBUG --- [           main] o.s.w.s.h.BeanNameUrlHandlerMapping      : Rejected bean name 'org.springframework.boot.autoconfigure.web.ServerPropertiesAutoConfiguration': no URL paths identified
2017-08-19 11:57:16,506 DEBUG --- [           main] o.s.w.s.h.BeanNameUrlHandlerMapping      : Rejected bean name 'serverProperties': no URL paths identified
2017-08-19 11:57:16,506 DEBUG --- [           main] o.s.w.s.h.BeanNameUrlHandlerMapping      : Rejected bean name 'duplicateServerPropertiesDetector': no URL paths identified
2017-08-19 11:57:16,506 DEBUG --- [           main] o.s.w.s.h.BeanNameUrlHandlerMapping      : Rejected bean name 'org.springframework.boot.autoconfigure.web.WebClientAutoConfiguration$RestTemplateConfiguration': no URL paths identified
2017-08-19 11:57:16,506 DEBUG --- [           main] o.s.w.s.h.BeanNameUrlHandlerMapping      : Rejected bean name 'restTemplateBuilder': no URL paths identified
2017-08-19 11:57:16,506 DEBUG --- [           main] o.s.w.s.h.BeanNameUrlHandlerMapping      : Rejected bean name 'org.springframework.boot.autoconfigure.web.WebClientAutoConfiguration': no URL paths identified
2017-08-19 11:57:16,506 DEBUG --- [           main] o.s.w.s.h.BeanNameUrlHandlerMapping      : Rejected bean name 'autoConfigurationReport': no URL paths identified
2017-08-19 11:57:16,506 DEBUG --- [           main] o.s.w.s.h.BeanNameUrlHandlerMapping      : Rejected bean name 'springApplicationArguments': no URL paths identified
2017-08-19 11:57:16,506 DEBUG --- [           main] o.s.w.s.h.BeanNameUrlHandlerMapping      : Rejected bean name 'springBootBanner': no URL paths identified
2017-08-19 11:57:16,506 DEBUG --- [           main] o.s.w.s.h.BeanNameUrlHandlerMapping      : Rejected bean name 'springBootLoggingSystem': no URL paths identified
2017-08-19 11:57:16,506 DEBUG --- [           main] o.s.w.s.h.BeanNameUrlHandlerMapping      : Rejected bean name 'environment': no URL paths identified
2017-08-19 11:57:16,506 DEBUG --- [           main] o.s.w.s.h.BeanNameUrlHandlerMapping      : Rejected bean name 'systemProperties': no URL paths identified
2017-08-19 11:57:16,506 DEBUG --- [           main] o.s.w.s.h.BeanNameUrlHandlerMapping      : Rejected bean name 'systemEnvironment': no URL paths identified
2017-08-19 11:57:16,506 DEBUG --- [           main] o.s.w.s.h.BeanNameUrlHandlerMapping      : Rejected bean name 'org.springframework.context.annotation.ConfigurationClassPostProcessor.importRegistry': no URL paths identified
2017-08-19 11:57:16,506 DEBUG --- [           main] o.s.w.s.h.BeanNameUrlHandlerMapping      : Rejected bean name 'applicationEventMulticaster': no URL paths identified
2017-08-19 11:57:16,507 DEBUG --- [           main] o.s.w.s.h.BeanNameUrlHandlerMapping      : Rejected bean name 'servletContext': no URL paths identified
2017-08-19 11:57:16,507 DEBUG --- [           main] o.s.w.s.h.BeanNameUrlHandlerMapping      : Rejected bean name 'contextParameters': no URL paths identified
2017-08-19 11:57:16,507 DEBUG --- [           main] o.s.w.s.h.BeanNameUrlHandlerMapping      : Rejected bean name 'contextAttributes': no URL paths identified
2017-08-19 11:57:16,540 INFO  --- [           main] o.s.w.s.handler.SimpleUrlHandlerMapping  : Mapped URL path [/webjars/**] onto handler of type [class org.springframework.web.servlet.resource.ResourceHttpRequestHandler]
2017-08-19 11:57:16,541 INFO  --- [           main] o.s.w.s.handler.SimpleUrlHandlerMapping  : Mapped URL path [/**] onto handler of type [class org.springframework.web.servlet.resource.ResourceHttpRequestHandler]
2017-08-19 11:57:16,562 DEBUG --- [           main] .m.m.a.ExceptionHandlerExceptionResolver : Looking for exception mappings: org.springframework.boot.context.embedded.AnnotationConfigEmbeddedWebApplicationContext@610f7aa: startup date [Sat Aug 19 11:57:10 JST 2017]; root of context hierarchy
2017-08-19 11:57:16,615 INFO  --- [           main] o.s.w.s.handler.SimpleUrlHandlerMapping  : Mapped URL path [/**/favicon.ico] onto handler of type [class org.springframework.web.servlet.resource.ResourceHttpRequestHandler]
2017-08-19 11:57:17,574 INFO  --- [           main] o.s.j.e.a.AnnotationMBeanExporter        : Registering beans for JMX exposure on startup
2017-08-19 11:57:17,589 DEBUG --- [           main] o.s.w.s.resource.ResourceUrlProvider     : Looking for resource handler mappings
2017-08-19 11:57:17,590 DEBUG --- [           main] o.s.w.s.resource.ResourceUrlProvider     : Found resource handler mapping: URL pattern="/**/favicon.ico", locations=[ServletContext resource [/], class path resource [META-INF/resources/], class path resource [resources/], class path resource [static/], class path resource [public/], class path resource []], resolvers=[org.springframework.web.servlet.resource.PathResourceResolver@17fede14]
2017-08-19 11:57:17,590 DEBUG --- [           main] o.s.w.s.resource.ResourceUrlProvider     : Found resource handler mapping: URL pattern="/webjars/**", locations=[class path resource [META-INF/resources/webjars/]], resolvers=[org.springframework.web.servlet.resource.PathResourceResolver@712ac7e6]
2017-08-19 11:57:17,590 DEBUG --- [           main] o.s.w.s.resource.ResourceUrlProvider     : Found resource handler mapping: URL pattern="/**", locations=[ServletContext resource [/], class path resource [META-INF/resources/], class path resource [resources/], class path resource [static/], class path resource [public/]], resolvers=[org.springframework.web.servlet.resource.PathResourceResolver@86d6bf7]
2017-08-19 11:57:17,698 INFO  --- [           main] s.b.c.e.t.TomcatEmbeddedServletContainer : Tomcat started on port(s): 8080 (http)
2017-08-19 11:57:17,700 DEBUG --- [           main] o.s.w.c.s.StandardServletEnvironment     : Adding [server.ports] PropertySource with highest search precedence
2017-08-19 11:57:17,707 INFO  --- [           main] poi.poiApplication                       : Started poiApplication in 9.805 seconds (JVM running for 11.03)
2017-08-19 18:59:22,558 DEBUG --- [nio-8080-exec-1] o.s.web.servlet.DispatcherServlet        : Initializing servlet 'dispatcherServlet'
2017-08-19 18:59:22,568 INFO  --- [nio-8080-exec-1] o.a.c.c.C.[Tomcat].[localhost].[/poi]    : Initializing Spring FrameworkServlet 'dispatcherServlet'
2017-08-19 18:59:22,569 INFO  --- [nio-8080-exec-1] o.s.web.servlet.DispatcherServlet        : FrameworkServlet 'dispatcherServlet': initialization started
2017-08-19 18:59:22,572 DEBUG --- [nio-8080-exec-1] o.s.web.servlet.DispatcherServlet        : Using MultipartResolver [org.springframework.web.multipart.support.StandardServletMultipartResolver@3bb6b792]
2017-08-19 18:59:22,607 DEBUG --- [nio-8080-exec-1] o.s.web.servlet.DispatcherServlet        : Unable to locate LocaleResolver with name 'localeResolver': using default [org.springframework.web.servlet.i18n.AcceptHeaderLocaleResolver@7c066a74]
2017-08-19 18:59:22,630 DEBUG --- [nio-8080-exec-1] o.s.web.servlet.DispatcherServlet        : Unable to locate ThemeResolver with name 'themeResolver': using default [org.springframework.web.servlet.theme.FixedThemeResolver@68145c7d]
2017-08-19 18:59:22,670 DEBUG --- [nio-8080-exec-1] o.s.web.servlet.DispatcherServlet        : Unable to locate RequestToViewNameTranslator with name 'viewNameTranslator': using default [org.springframework.web.servlet.view.DefaultRequestToViewNameTranslator@2f18b181]
2017-08-19 18:59:22,764 DEBUG --- [nio-8080-exec-1] o.s.web.servlet.DispatcherServlet        : Unable to locate FlashMapManager with name 'flashMapManager': using default [org.springframework.web.servlet.support.SessionFlashMapManager@6e500d24]
2017-08-19 18:59:22,765 DEBUG --- [nio-8080-exec-1] o.s.web.servlet.DispatcherServlet        : Published WebApplicationContext of servlet 'dispatcherServlet' as ServletContext attribute with name [org.springframework.web.servlet.FrameworkServlet.CONTEXT.dispatcherServlet]
2017-08-19 18:59:22,769 INFO  --- [nio-8080-exec-1] o.s.web.servlet.DispatcherServlet        : FrameworkServlet 'dispatcherServlet': initialization completed in 199 ms
2017-08-19 18:59:22,769 DEBUG --- [nio-8080-exec-1] o.s.web.servlet.DispatcherServlet        : Servlet 'dispatcherServlet' configured successfully
2017-08-19 18:59:22,837 DEBUG --- [nio-8080-exec-1] poi.util.TokenUtility                    : CSRF対象外：/poi/general/
2017-08-19 18:59:22,851 DEBUG --- [nio-8080-exec-1] o.s.web.servlet.DispatcherServlet        : DispatcherServlet with name 'dispatcherServlet' processing GET request for [/poi/general/]
2017-08-19 18:59:22,861 DEBUG --- [nio-8080-exec-1] s.w.s.m.m.a.RequestMappingHandlerMapping : Looking up handler method for path /general/
2017-08-19 18:59:22,868 DEBUG --- [nio-8080-exec-1] s.w.s.m.m.a.RequestMappingHandlerMapping : Returning handler method [public java.lang.String poi.controller.general.GeneralIndexController.index()]
2017-08-19 18:59:22,870 DEBUG --- [nio-8080-exec-1] o.s.web.servlet.DispatcherServlet        : Last-Modified value for [/poi/general/] is: -1
2017-08-19 18:59:22,922 DEBUG --- [nio-8080-exec-1] o.s.w.s.v.ContentNegotiatingViewResolver : Requested media types are [text/html, application/xhtml+xml, image/webp, image/apng, application/xml;q=0.9, */*;q=0.8] based on Accept header types and producible media types [*/*])
2017-08-19 18:59:22,984 DEBUG --- [nio-8080-exec-1] o.s.w.s.v.ContentNegotiatingViewResolver : Returning [org.thymeleaf.spring4.view.ThymeleafView@64736b88] based on requested media type 'text/html'
2017-08-19 18:59:22,985 DEBUG --- [nio-8080-exec-1] o.s.web.servlet.DispatcherServlet        : Rendering view [org.thymeleaf.spring4.view.ThymeleafView@64736b88] in DispatcherServlet with name 'dispatcherServlet'
2017-08-19 18:59:23,533 DEBUG --- [nio-8080-exec-1] o.s.web.servlet.DispatcherServlet        : Successfully completed request
