2017-11-15 07:20:44,228 DEBUG --- [           main] o.s.w.c.s.StandardServletEnvironment     : Adding [servletConfigInitParams] PropertySource with lowest search precedence
2017-11-15 07:20:44,237 DEBUG --- [           main] o.s.w.c.s.StandardServletEnvironment     : Adding [servletContextInitParams] PropertySource with lowest search precedence
2017-11-15 07:20:44,242 DEBUG --- [           main] o.s.w.c.s.StandardServletEnvironment     : Adding [systemProperties] PropertySource with lowest search precedence
2017-11-15 07:20:44,245 DEBUG --- [           main] o.s.w.c.s.StandardServletEnvironment     : Adding [systemEnvironment] PropertySource with lowest search precedence
2017-11-15 07:20:44,249 DEBUG --- [           main] o.s.w.c.s.StandardServletEnvironment     : Initialized StandardServletEnvironment with PropertySources [servletConfigInitParams,servletContextInitParams,systemProperties,systemEnvironment]
2017-11-15 07:20:44,473 INFO  --- [           main] poi.poiApplication                       : Starting poiApplication on 777 with PID 52199 (/Users/kaihatsu/Documents/Work/poi/build/classes/main started by kaihatsu in /Users/kaihatsu/Documents/Work/poi)
2017-11-15 07:20:44,475 DEBUG --- [           main] poi.poiApplication                       : Running with Spring Boot v1.4.3.RELEASE, Spring v4.3.5.RELEASE
2017-11-15 07:20:44,476 INFO  --- [           main] poi.poiApplication                       : The following profiles are active: dev
2017-11-15 07:20:44,998 INFO  --- [           main] ationConfigEmbeddedWebApplicationContext : Refreshing org.springframework.boot.context.embedded.AnnotationConfigEmbeddedWebApplicationContext@21b2e768: startup date [Wed Nov 15 07:20:44 JST 2017]; root of context hierarchy
2017-11-15 07:20:46,043 INFO  --- [           main] o.s.b.f.xml.XmlBeanDefinitionReader      : Loading XML bean definitions from class path resource [transaction-context.xml]
2017-11-15 07:20:46,745 DEBUG --- [           main] o.s.w.c.s.StandardServletEnvironment     : Adding [applicationConfig: [classpath:/application-dev.properties]] PropertySource with search precedence immediately lower than [applicationConfigurationProperties]
2017-11-15 07:20:46,746 DEBUG --- [           main] o.s.w.c.s.StandardServletEnvironment     : Adding [applicationConfig: [classpath:/application.properties]] PropertySource with search precedence immediately lower than [applicationConfig: [classpath:/application-dev.properties]]
2017-11-15 07:20:46,747 DEBUG --- [           main] o.s.w.c.s.StandardServletEnvironment     : Removing [applicationConfigurationProperties] PropertySource
2017-11-15 07:20:46,747 DEBUG --- [           main] o.s.w.c.s.StandardServletEnvironment     : Removing [defaultProperties] PropertySource
2017-11-15 07:20:46,879 INFO  --- [           main] trationDelegate$BeanPostProcessorChecker : Bean 'org.springframework.aop.support.DefaultBeanFactoryPointcutAdvisor#0' of type [class org.springframework.aop.support.DefaultBeanFactoryPointcutAdvisor] is not eligible for getting processed by all BeanPostProcessors (for example: not eligible for auto-proxying)
2017-11-15 07:20:46,929 INFO  --- [           main] trationDelegate$BeanPostProcessorChecker : Bean 'org.springframework.transaction.annotation.ProxyTransactionManagementConfiguration' of type [class org.springframework.transaction.annotation.ProxyTransactionManagementConfiguration$$EnhancerBySpringCGLIB$$3a0c586f] is not eligible for getting processed by all BeanPostProcessors (for example: not eligible for auto-proxying)
2017-11-15 07:20:47,859 INFO  --- [           main] s.b.c.e.t.TomcatEmbeddedServletContainer : Tomcat initialized with port(s): 8080 (http)
2017-11-15 07:20:47,876 INFO  --- [           main] org.apache.catalina.core.StandardService : Starting service Tomcat
2017-11-15 07:20:47,878 INFO  --- [           main] org.apache.catalina.core.StandardEngine  : Starting Servlet Engine: Apache Tomcat/8.5.6
2017-11-15 07:20:48,041 INFO  --- [ost-startStop-1] o.a.c.c.C.[Tomcat].[localhost].[/poi]    : Initializing Spring embedded WebApplicationContext
2017-11-15 07:20:48,044 DEBUG --- [ost-startStop-1] o.s.web.context.ContextLoader            : Published root WebApplicationContext as ServletContext attribute with name [org.springframework.web.context.WebApplicationContext.ROOT]
2017-11-15 07:20:48,045 INFO  --- [ost-startStop-1] o.s.web.context.ContextLoader            : Root WebApplicationContext: initialization completed in 3050 ms
2017-11-15 07:20:48,327 DEBUG --- [ost-startStop-1] o.s.w.c.s.StandardServletEnvironment     : Adding [servletConfigInitParams] PropertySource with lowest search precedence
2017-11-15 07:20:48,329 DEBUG --- [ost-startStop-1] o.s.w.c.s.StandardServletEnvironment     : Adding [servletContextInitParams] PropertySource with lowest search precedence
2017-11-15 07:20:48,332 DEBUG --- [ost-startStop-1] o.s.w.c.s.StandardServletEnvironment     : Adding [systemProperties] PropertySource with lowest search precedence
2017-11-15 07:20:48,332 DEBUG --- [ost-startStop-1] o.s.w.c.s.StandardServletEnvironment     : Adding [systemEnvironment] PropertySource with lowest search precedence
2017-11-15 07:20:48,333 DEBUG --- [ost-startStop-1] o.s.w.c.s.StandardServletEnvironment     : Initialized StandardServletEnvironment with PropertySources [servletConfigInitParams,servletContextInitParams,systemProperties,systemEnvironment]
2017-11-15 07:20:48,359 DEBUG --- [ost-startStop-1] o.s.w.c.s.StandardServletEnvironment     : Adding [servletConfigInitParams] PropertySource with lowest search precedence
2017-11-15 07:20:48,360 DEBUG --- [ost-startStop-1] o.s.w.c.s.StandardServletEnvironment     : Adding [servletContextInitParams] PropertySource with lowest search precedence
2017-11-15 07:20:48,360 DEBUG --- [ost-startStop-1] o.s.w.c.s.StandardServletEnvironment     : Adding [systemProperties] PropertySource with lowest search precedence
2017-11-15 07:20:48,360 DEBUG --- [ost-startStop-1] o.s.w.c.s.StandardServletEnvironment     : Adding [systemEnvironment] PropertySource with lowest search precedence
2017-11-15 07:20:48,360 DEBUG --- [ost-startStop-1] o.s.w.c.s.StandardServletEnvironment     : Initialized StandardServletEnvironment with PropertySources [servletConfigInitParams,servletContextInitParams,systemProperties,systemEnvironment]
2017-11-15 07:20:48,373 DEBUG --- [ost-startStop-1] o.s.w.c.s.StandardServletEnvironment     : Adding [servletConfigInitParams] PropertySource with lowest search precedence
2017-11-15 07:20:48,374 DEBUG --- [ost-startStop-1] o.s.w.c.s.StandardServletEnvironment     : Adding [servletContextInitParams] PropertySource with lowest search precedence
2017-11-15 07:20:48,374 DEBUG --- [ost-startStop-1] o.s.w.c.s.StandardServletEnvironment     : Adding [systemProperties] PropertySource with lowest search precedence
2017-11-15 07:20:48,375 DEBUG --- [ost-startStop-1] o.s.w.c.s.StandardServletEnvironment     : Adding [systemEnvironment] PropertySource with lowest search precedence
2017-11-15 07:20:48,376 DEBUG --- [ost-startStop-1] o.s.w.c.s.StandardServletEnvironment     : Initialized StandardServletEnvironment with PropertySources [servletConfigInitParams,servletContextInitParams,systemProperties,systemEnvironment]
2017-11-15 07:20:48,467 DEBUG --- [ost-startStop-1] o.s.w.c.s.StandardServletEnvironment     : Adding [servletConfigInitParams] PropertySource with lowest search precedence
2017-11-15 07:20:48,468 DEBUG --- [ost-startStop-1] o.s.w.c.s.StandardServletEnvironment     : Adding [servletContextInitParams] PropertySource with lowest search precedence
2017-11-15 07:20:48,468 DEBUG --- [ost-startStop-1] o.s.w.c.s.StandardServletEnvironment     : Adding [systemProperties] PropertySource with lowest search precedence
2017-11-15 07:20:48,469 DEBUG --- [ost-startStop-1] o.s.w.c.s.StandardServletEnvironment     : Adding [systemEnvironment] PropertySource with lowest search precedence
2017-11-15 07:20:48,471 DEBUG --- [ost-startStop-1] o.s.w.c.s.StandardServletEnvironment     : Initialized StandardServletEnvironment with PropertySources [servletConfigInitParams,servletContextInitParams,systemProperties,systemEnvironment]
2017-11-15 07:20:48,501 INFO  --- [ost-startStop-1] o.s.b.web.servlet.FilterRegistrationBean : Mapping filter: 'characterEncodingFilter' to: [/*]
2017-11-15 07:20:48,611 INFO  --- [ost-startStop-1] o.s.b.web.servlet.FilterRegistrationBean : Mapping filter: 'hiddenHttpMethodFilter' to: [/*]
2017-11-15 07:20:48,614 INFO  --- [ost-startStop-1] o.s.b.web.servlet.FilterRegistrationBean : Mapping filter: 'httpPutFormContentFilter' to: [/*]
2017-11-15 07:20:48,614 INFO  --- [ost-startStop-1] o.s.b.web.servlet.FilterRegistrationBean : Mapping filter: 'requestContextFilter' to: [/*]
2017-11-15 07:20:48,616 DEBUG --- [ost-startStop-1] o.s.w.c.s.StandardServletEnvironment     : Adding [servletConfigInitParams] PropertySource with lowest search precedence
2017-11-15 07:20:48,617 DEBUG --- [ost-startStop-1] o.s.w.c.s.StandardServletEnvironment     : Adding [servletContextInitParams] PropertySource with lowest search precedence
2017-11-15 07:20:48,618 DEBUG --- [ost-startStop-1] o.s.w.c.s.StandardServletEnvironment     : Adding [systemProperties] PropertySource with lowest search precedence
2017-11-15 07:20:48,618 DEBUG --- [ost-startStop-1] o.s.w.c.s.StandardServletEnvironment     : Adding [systemEnvironment] PropertySource with lowest search precedence
2017-11-15 07:20:48,619 DEBUG --- [ost-startStop-1] o.s.w.c.s.StandardServletEnvironment     : Initialized StandardServletEnvironment with PropertySources [servletConfigInitParams,servletContextInitParams,systemProperties,systemEnvironment]
2017-11-15 07:20:48,621 INFO  --- [ost-startStop-1] .s.DelegatingFilterProxyRegistrationBean : Mapping filter: 'springSecurityFilterChain' to: [/*]
2017-11-15 07:20:48,622 INFO  --- [ost-startStop-1] o.s.b.w.servlet.ServletRegistrationBean  : Mapping servlet: 'dispatcherServlet' to [/]
2017-11-15 07:20:48,668 DEBUG --- [           main] o.s.w.c.s.StandardServletEnvironment     : Replacing [servletContextInitParams] PropertySource with [servletContextInitParams]
2017-11-15 07:20:49,530 INFO  --- [           main] b.a.s.AuthenticationManagerConfiguration : 

Using default security password: c1c79638-d237-4770-b54c-c3800009581e

2017-11-15 07:20:49,575 DEBUG --- [           main] o.s.w.c.s.StandardServletEnvironment     : Adding [servletConfigInitParams] PropertySource with lowest search precedence
2017-11-15 07:20:49,576 DEBUG --- [           main] o.s.w.c.s.StandardServletEnvironment     : Adding [servletContextInitParams] PropertySource with lowest search precedence
2017-11-15 07:20:49,577 DEBUG --- [           main] o.s.w.c.s.StandardServletEnvironment     : Adding [systemProperties] PropertySource with lowest search precedence
2017-11-15 07:20:49,577 DEBUG --- [           main] o.s.w.c.s.StandardServletEnvironment     : Adding [systemEnvironment] PropertySource with lowest search precedence
2017-11-15 07:20:49,577 DEBUG --- [           main] o.s.w.c.s.StandardServletEnvironment     : Initialized StandardServletEnvironment with PropertySources [servletConfigInitParams,servletContextInitParams,systemProperties,systemEnvironment]
2017-11-15 07:20:49,591 DEBUG --- [           main] o.s.w.c.s.StandardServletEnvironment     : Adding [servletConfigInitParams] PropertySource with lowest search precedence
2017-11-15 07:20:49,591 DEBUG --- [           main] o.s.w.c.s.StandardServletEnvironment     : Adding [servletContextInitParams] PropertySource with lowest search precedence
2017-11-15 07:20:49,591 DEBUG --- [           main] o.s.w.c.s.StandardServletEnvironment     : Adding [systemProperties] PropertySource with lowest search precedence
2017-11-15 07:20:49,592 DEBUG --- [           main] o.s.w.c.s.StandardServletEnvironment     : Adding [systemEnvironment] PropertySource with lowest search precedence
2017-11-15 07:20:49,592 DEBUG --- [           main] o.s.w.c.s.StandardServletEnvironment     : Initialized StandardServletEnvironment with PropertySources [servletConfigInitParams,servletContextInitParams,systemProperties,systemEnvironment]
2017-11-15 07:20:49,593 DEBUG --- [           main] o.s.w.c.s.StandardServletEnvironment     : Adding [servletConfigInitParams] PropertySource with lowest search precedence
2017-11-15 07:20:49,593 DEBUG --- [           main] o.s.w.c.s.StandardServletEnvironment     : Adding [servletContextInitParams] PropertySource with lowest search precedence
2017-11-15 07:20:49,593 DEBUG --- [           main] o.s.w.c.s.StandardServletEnvironment     : Adding [systemProperties] PropertySource with lowest search precedence
2017-11-15 07:20:49,593 DEBUG --- [           main] o.s.w.c.s.StandardServletEnvironment     : Adding [systemEnvironment] PropertySource with lowest search precedence
2017-11-15 07:20:49,593 DEBUG --- [           main] o.s.w.c.s.StandardServletEnvironment     : Initialized StandardServletEnvironment with PropertySources [servletConfigInitParams,servletContextInitParams,systemProperties,systemEnvironment]
2017-11-15 07:20:49,596 DEBUG --- [           main] poi.util.TokenUtility                    : セッションタイムアウト：900
2017-11-15 07:20:49,644 DEBUG --- [           main] o.s.w.c.s.StandardServletEnvironment     : Adding [servletConfigInitParams] PropertySource with lowest search precedence
2017-11-15 07:20:49,645 DEBUG --- [           main] o.s.w.c.s.StandardServletEnvironment     : Adding [servletContextInitParams] PropertySource with lowest search precedence
2017-11-15 07:20:49,645 DEBUG --- [           main] o.s.w.c.s.StandardServletEnvironment     : Adding [systemProperties] PropertySource with lowest search precedence
2017-11-15 07:20:49,645 DEBUG --- [           main] o.s.w.c.s.StandardServletEnvironment     : Adding [systemEnvironment] PropertySource with lowest search precedence
2017-11-15 07:20:49,646 DEBUG --- [           main] o.s.w.c.s.StandardServletEnvironment     : Initialized StandardServletEnvironment with PropertySources [servletConfigInitParams,servletContextInitParams,systemProperties,systemEnvironment]
2017-11-15 07:20:49,663 DEBUG --- [           main] o.s.w.c.s.StandardServletEnvironment     : Adding [servletConfigInitParams] PropertySource with lowest search precedence
2017-11-15 07:20:49,666 DEBUG --- [           main] o.s.w.c.s.StandardServletEnvironment     : Adding [servletContextInitParams] PropertySource with lowest search precedence
2017-11-15 07:20:49,666 DEBUG --- [           main] o.s.w.c.s.StandardServletEnvironment     : Adding [systemProperties] PropertySource with lowest search precedence
2017-11-15 07:20:49,667 DEBUG --- [           main] o.s.w.c.s.StandardServletEnvironment     : Adding [systemEnvironment] PropertySource with lowest search precedence
2017-11-15 07:20:49,670 DEBUG --- [           main] o.s.w.c.s.StandardServletEnvironment     : Initialized StandardServletEnvironment with PropertySources [servletConfigInitParams,servletContextInitParams,systemProperties,systemEnvironment]
2017-11-15 07:20:49,704 DEBUG --- [           main] o.s.w.c.s.StandardServletEnvironment     : Adding [servletConfigInitParams] PropertySource with lowest search precedence
2017-11-15 07:20:49,705 DEBUG --- [           main] o.s.w.c.s.StandardServletEnvironment     : Adding [servletContextInitParams] PropertySource with lowest search precedence
2017-11-15 07:20:49,706 DEBUG --- [           main] o.s.w.c.s.StandardServletEnvironment     : Adding [systemProperties] PropertySource with lowest search precedence
2017-11-15 07:20:49,710 DEBUG --- [           main] o.s.w.c.s.StandardServletEnvironment     : Adding [systemEnvironment] PropertySource with lowest search precedence
2017-11-15 07:20:49,716 DEBUG --- [           main] o.s.w.c.s.StandardServletEnvironment     : Initialized StandardServletEnvironment with PropertySources [servletConfigInitParams,servletContextInitParams,systemProperties,systemEnvironment]
2017-11-15 07:20:49,735 DEBUG --- [           main] o.s.w.c.s.StandardServletEnvironment     : Adding [servletConfigInitParams] PropertySource with lowest search precedence
2017-11-15 07:20:49,739 DEBUG --- [           main] o.s.w.c.s.StandardServletEnvironment     : Adding [servletContextInitParams] PropertySource with lowest search precedence
2017-11-15 07:20:49,740 DEBUG --- [           main] o.s.w.c.s.StandardServletEnvironment     : Adding [systemProperties] PropertySource with lowest search precedence
2017-11-15 07:20:49,741 DEBUG --- [           main] o.s.w.c.s.StandardServletEnvironment     : Adding [systemEnvironment] PropertySource with lowest search precedence
2017-11-15 07:20:49,746 DEBUG --- [           main] o.s.w.c.s.StandardServletEnvironment     : Initialized StandardServletEnvironment with PropertySources [servletConfigInitParams,servletContextInitParams,systemProperties,systemEnvironment]
2017-11-15 07:20:49,756 DEBUG --- [           main] o.s.w.c.s.StandardServletEnvironment     : Adding [servletConfigInitParams] PropertySource with lowest search precedence
2017-11-15 07:20:49,756 DEBUG --- [           main] o.s.w.c.s.StandardServletEnvironment     : Adding [servletContextInitParams] PropertySource with lowest search precedence
2017-11-15 07:20:49,756 DEBUG --- [           main] o.s.w.c.s.StandardServletEnvironment     : Adding [systemProperties] PropertySource with lowest search precedence
2017-11-15 07:20:49,756 DEBUG --- [           main] o.s.w.c.s.StandardServletEnvironment     : Adding [systemEnvironment] PropertySource with lowest search precedence
2017-11-15 07:20:49,757 DEBUG --- [           main] o.s.w.c.s.StandardServletEnvironment     : Initialized StandardServletEnvironment with PropertySources [servletConfigInitParams,servletContextInitParams,systemProperties,systemEnvironment]
2017-11-15 07:20:49,767 DEBUG --- [           main] o.s.w.c.s.StandardServletEnvironment     : Adding [servletConfigInitParams] PropertySource with lowest search precedence
2017-11-15 07:20:49,768 DEBUG --- [           main] o.s.w.c.s.StandardServletEnvironment     : Adding [servletContextInitParams] PropertySource with lowest search precedence
2017-11-15 07:20:49,769 DEBUG --- [           main] o.s.w.c.s.StandardServletEnvironment     : Adding [systemProperties] PropertySource with lowest search precedence
2017-11-15 07:20:49,769 DEBUG --- [           main] o.s.w.c.s.StandardServletEnvironment     : Adding [systemEnvironment] PropertySource with lowest search precedence
2017-11-15 07:20:49,772 DEBUG --- [           main] o.s.w.c.s.StandardServletEnvironment     : Initialized StandardServletEnvironment with PropertySources [servletConfigInitParams,servletContextInitParams,systemProperties,systemEnvironment]
2017-11-15 07:20:49,781 DEBUG --- [           main] o.s.w.c.s.StandardServletEnvironment     : Adding [servletConfigInitParams] PropertySource with lowest search precedence
2017-11-15 07:20:49,781 DEBUG --- [           main] o.s.w.c.s.StandardServletEnvironment     : Adding [servletContextInitParams] PropertySource with lowest search precedence
2017-11-15 07:20:49,781 DEBUG --- [           main] o.s.w.c.s.StandardServletEnvironment     : Adding [systemProperties] PropertySource with lowest search precedence
2017-11-15 07:20:49,782 DEBUG --- [           main] o.s.w.c.s.StandardServletEnvironment     : Adding [systemEnvironment] PropertySource with lowest search precedence
2017-11-15 07:20:49,782 DEBUG --- [           main] o.s.w.c.s.StandardServletEnvironment     : Initialized StandardServletEnvironment with PropertySources [servletConfigInitParams,servletContextInitParams,systemProperties,systemEnvironment]
2017-11-15 07:20:49,802 DEBUG --- [           main] o.s.w.c.s.StandardServletEnvironment     : Adding [servletConfigInitParams] PropertySource with lowest search precedence
2017-11-15 07:20:49,804 DEBUG --- [           main] o.s.w.c.s.StandardServletEnvironment     : Adding [servletContextInitParams] PropertySource with lowest search precedence
2017-11-15 07:20:49,804 DEBUG --- [           main] o.s.w.c.s.StandardServletEnvironment     : Adding [systemProperties] PropertySource with lowest search precedence
2017-11-15 07:20:49,805 DEBUG --- [           main] o.s.w.c.s.StandardServletEnvironment     : Adding [systemEnvironment] PropertySource with lowest search precedence
2017-11-15 07:20:49,805 DEBUG --- [           main] o.s.w.c.s.StandardServletEnvironment     : Initialized StandardServletEnvironment with PropertySources [servletConfigInitParams,servletContextInitParams,systemProperties,systemEnvironment]
2017-11-15 07:20:49,812 DEBUG --- [           main] o.s.w.c.s.StandardServletEnvironment     : Adding [servletConfigInitParams] PropertySource with lowest search precedence
2017-11-15 07:20:49,812 DEBUG --- [           main] o.s.w.c.s.StandardServletEnvironment     : Adding [servletContextInitParams] PropertySource with lowest search precedence
2017-11-15 07:20:49,813 DEBUG --- [           main] o.s.w.c.s.StandardServletEnvironment     : Adding [systemProperties] PropertySource with lowest search precedence
2017-11-15 07:20:49,813 DEBUG --- [           main] o.s.w.c.s.StandardServletEnvironment     : Adding [systemEnvironment] PropertySource with lowest search precedence
2017-11-15 07:20:49,813 DEBUG --- [           main] o.s.w.c.s.StandardServletEnvironment     : Initialized StandardServletEnvironment with PropertySources [servletConfigInitParams,servletContextInitParams,systemProperties,systemEnvironment]
2017-11-15 07:20:49,825 INFO  --- [           main] o.s.s.web.DefaultSecurityFilterChain     : Creating filter chain: org.springframework.security.web.util.matcher.AnyRequestMatcher@1, [org.springframework.security.web.context.request.async.WebAsyncManagerIntegrationFilter@b112b13, org.springframework.security.web.context.SecurityContextPersistenceFilter@3206174f, org.springframework.security.web.header.HeaderWriterFilter@5a50d9fc, org.springframework.security.web.csrf.CsrfFilter@10db6131, org.springframework.security.web.authentication.logout.LogoutFilter@43e065f2, org.springframework.security.web.savedrequest.RequestCacheAwareFilter@15eb0ae9, org.springframework.security.web.servletapi.SecurityContextHolderAwareRequestFilter@34aeacd1, org.springframework.security.web.authentication.rememberme.RememberMeAuthenticationFilter@5a02bfe3, org.springframework.security.web.authentication.AnonymousAuthenticationFilter@24eb65e3, org.springframework.security.web.session.SessionManagementFilter@3a894088, org.springframework.security.web.access.ExceptionTranslationFilter@3f183caa]
2017-11-15 07:20:49,827 DEBUG --- [           main] o.s.w.c.s.StandardServletEnvironment     : Adding [servletConfigInitParams] PropertySource with lowest search precedence
2017-11-15 07:20:49,828 DEBUG --- [           main] o.s.w.c.s.StandardServletEnvironment     : Adding [servletContextInitParams] PropertySource with lowest search precedence
2017-11-15 07:20:49,828 DEBUG --- [           main] o.s.w.c.s.StandardServletEnvironment     : Adding [systemProperties] PropertySource with lowest search precedence
2017-11-15 07:20:49,829 DEBUG --- [           main] o.s.w.c.s.StandardServletEnvironment     : Adding [systemEnvironment] PropertySource with lowest search precedence
2017-11-15 07:20:49,830 DEBUG --- [           main] o.s.w.c.s.StandardServletEnvironment     : Initialized StandardServletEnvironment with PropertySources [servletConfigInitParams,servletContextInitParams,systemProperties,systemEnvironment]
2017-11-15 07:20:50,041 INFO  --- [           main] s.w.s.m.m.a.RequestMappingHandlerAdapter : Looking for @ControllerAdvice: org.springframework.boot.context.embedded.AnnotationConfigEmbeddedWebApplicationContext@21b2e768: startup date [Wed Nov 15 07:20:44 JST 2017]; root of context hierarchy
2017-11-15 07:20:50,158 DEBUG --- [           main] s.w.s.m.m.a.RequestMappingHandlerMapping : Looking for request mappings in application context: org.springframework.boot.context.embedded.AnnotationConfigEmbeddedWebApplicationContext@21b2e768: startup date [Wed Nov 15 07:20:44 JST 2017]; root of context hierarchy
2017-11-15 07:20:50,180 DEBUG --- [           main] s.w.s.m.m.a.RequestMappingHandlerMapping : 1 request handler methods found on class poi.controller.ErrorController: {public java.lang.String poi.controller.ErrorController.notFound()={[/404]}}
2017-11-15 07:20:50,181 INFO  --- [           main] s.w.s.m.m.a.RequestMappingHandlerMapping : Mapped "{[/404]}" onto public java.lang.String poi.controller.ErrorController.notFound()
2017-11-15 07:20:50,183 DEBUG --- [           main] s.w.s.m.m.a.RequestMappingHandlerMapping : 1 request handler methods found on class poi.controller.general.GeneralIndexController: {public java.lang.String poi.controller.general.GeneralIndexController.index()={[/general/],methods=[GET]}}
2017-11-15 07:20:50,183 INFO  --- [           main] s.w.s.m.m.a.RequestMappingHandlerMapping : Mapped "{[/general/],methods=[GET]}" onto public java.lang.String poi.controller.general.GeneralIndexController.index()
2017-11-15 07:20:50,184 DEBUG --- [           main] s.w.s.m.m.a.RequestMappingHandlerMapping : 3 request handler methods found on class poi.controller.general.RegisterController: {public java.lang.String poi.controller.general.RegisterController.register(org.springframework.ui.Model)={[/general/register],methods=[POST]}, public java.lang.String poi.controller.general.RegisterController.create(poi.form.member.LoginForm,org.springframework.ui.Model)={[/general/create],methods=[POST]}, public java.lang.String poi.controller.general.RegisterController.confirm(poi.form.general.UserForm,org.springframework.validation.BindingResult,org.springframework.ui.Model)={[/general/confirm],methods=[POST]}}
2017-11-15 07:20:50,187 INFO  --- [           main] s.w.s.m.m.a.RequestMappingHandlerMapping : Mapped "{[/general/register],methods=[POST]}" onto public java.lang.String poi.controller.general.RegisterController.register(org.springframework.ui.Model)
2017-11-15 07:20:50,189 INFO  --- [           main] s.w.s.m.m.a.RequestMappingHandlerMapping : Mapped "{[/general/create],methods=[POST]}" onto public java.lang.String poi.controller.general.RegisterController.create(poi.form.member.LoginForm,org.springframework.ui.Model)
2017-11-15 07:20:50,189 INFO  --- [           main] s.w.s.m.m.a.RequestMappingHandlerMapping : Mapped "{[/general/confirm],methods=[POST]}" onto public java.lang.String poi.controller.general.RegisterController.confirm(poi.form.general.UserForm,org.springframework.validation.BindingResult,org.springframework.ui.Model)
2017-11-15 07:20:50,192 DEBUG --- [           main] s.w.s.m.m.a.RequestMappingHandlerMapping : 3 request handler methods found on class poi.controller.member.LoginController: {public java.lang.String poi.controller.member.LoginController.logout(org.springframework.ui.Model)={[/member/logout],methods=[GET]}, public java.lang.String poi.controller.member.LoginController.displayLogin(org.springframework.ui.Model)={[/member/index],methods=[GET]}, public java.lang.String poi.controller.member.LoginController.login(poi.form.member.LoginForm,org.springframework.validation.BindingResult,org.springframework.ui.Model)={[/member/login],methods=[POST]}}
2017-11-15 07:20:50,193 INFO  --- [           main] s.w.s.m.m.a.RequestMappingHandlerMapping : Mapped "{[/member/logout],methods=[GET]}" onto public java.lang.String poi.controller.member.LoginController.logout(org.springframework.ui.Model)
2017-11-15 07:20:50,193 INFO  --- [           main] s.w.s.m.m.a.RequestMappingHandlerMapping : Mapped "{[/member/index],methods=[GET]}" onto public java.lang.String poi.controller.member.LoginController.displayLogin(org.springframework.ui.Model)
2017-11-15 07:20:50,193 INFO  --- [           main] s.w.s.m.m.a.RequestMappingHandlerMapping : Mapped "{[/member/login],methods=[POST]}" onto public java.lang.String poi.controller.member.LoginController.login(poi.form.member.LoginForm,org.springframework.validation.BindingResult,org.springframework.ui.Model)
2017-11-15 07:20:50,194 DEBUG --- [           main] s.w.s.m.m.a.RequestMappingHandlerMapping : 2 request handler methods found on class poi.controller.member.MemberTopController: {public java.lang.String poi.controller.member.MemberTopController.index(org.springframework.ui.Model)={[/member/top],methods=[GET]}, public java.lang.String poi.controller.member.MemberTopController.indexFromMember()={[/member/top],methods=[POST]}}
2017-11-15 07:20:50,195 INFO  --- [           main] s.w.s.m.m.a.RequestMappingHandlerMapping : Mapped "{[/member/top],methods=[GET]}" onto public java.lang.String poi.controller.member.MemberTopController.index(org.springframework.ui.Model)
2017-11-15 07:20:50,195 INFO  --- [           main] s.w.s.m.m.a.RequestMappingHandlerMapping : Mapped "{[/member/top],methods=[POST]}" onto public java.lang.String poi.controller.member.MemberTopController.indexFromMember()
2017-11-15 07:20:50,196 DEBUG --- [           main] s.w.s.m.m.a.RequestMappingHandlerMapping : 2 request handler methods found on class poi.controller.member.SearchController: {public java.lang.String poi.controller.member.SearchController.displayArticleselectedByCategory(org.springframework.web.servlet.mvc.support.RedirectAttributes,java.lang.String,java.lang.String)={[/member/search],methods=[POST]}, public java.lang.String poi.controller.member.SearchController.selectedArticle(org.springframework.ui.Model,java.lang.String,java.lang.String,java.lang.String)={[/member/select],methods=[POST]}}
2017-11-15 07:20:50,201 INFO  --- [           main] s.w.s.m.m.a.RequestMappingHandlerMapping : Mapped "{[/member/search],methods=[POST]}" onto public java.lang.String poi.controller.member.SearchController.displayArticleselectedByCategory(org.springframework.web.servlet.mvc.support.RedirectAttributes,java.lang.String,java.lang.String)
2017-11-15 07:20:50,201 INFO  --- [           main] s.w.s.m.m.a.RequestMappingHandlerMapping : Mapped "{[/member/select],methods=[POST]}" onto public java.lang.String poi.controller.member.SearchController.selectedArticle(org.springframework.ui.Model,java.lang.String,java.lang.String,java.lang.String)
2017-11-15 07:20:50,209 DEBUG --- [           main] s.w.s.m.m.a.RequestMappingHandlerMapping : 11 request handler methods found on class poi.controller.member.WorkController: {public java.lang.String poi.controller.member.WorkController.update(poi.form.member.ArticleForm,org.springframework.validation.BindingResult,org.springframework.web.servlet.mvc.support.RedirectAttributes,java.lang.String)={[/member/update],methods=[POST]}, public java.lang.String poi.controller.member.WorkController.create(poi.form.member.ArticleForm,org.springframework.validation.BindingResult,org.springframework.ui.Model,org.springframework.web.servlet.mvc.support.RedirectAttributes)={[/member/create],methods=[POST]}, public java.lang.String poi.controller.member.WorkController.displayCreate(org.springframework.ui.Model)={[/member/create],methods=[GET]}, public java.lang.String poi.controller.member.WorkController.displayUpdate(poi.form.member.ArticleForm,org.springframework.ui.Model,java.lang.String)={[/member/update/{articleId}],methods=[GET]}, public java.lang.String poi.controller.member.WorkController.displayDelete(org.springframework.web.servlet.mvc.support.RedirectAttributes,java.lang.String)={[/member/delete/{articleId}],methods=[GET]}, public java.lang.String poi.controller.member.WorkController.displayDelete(org.springframework.ui.Model,java.lang.String)={[/member/delete-category/{categoryId}],methods=[GET]}, public java.lang.String poi.controller.member.WorkController.displaySetting(org.springframework.ui.Model)={[/member/setting],methods=[GET]}, public java.lang.String poi.controller.member.WorkController.editSetting(poi.form.general.UserForm,org.springframework.validation.BindingResult,org.springframework.ui.Model,org.springframework.web.servlet.mvc.support.RedirectAttributes)={[/member/setting],methods=[POST]}, public java.lang.String poi.controller.member.WorkController.displayHelp(org.springframework.ui.Model)={[/member/help],methods=[GET]}, public java.lang.String poi.controller.member.WorkController.addCategory(java.lang.String)={[/member/add-category/{category}],methods=[GET]}, public java.lang.String poi.controller.member.WorkController.displaySettingCategory(org.springframework.ui.Model)={[/member/setting-category],methods=[GET]}}
2017-11-15 07:20:50,209 INFO  --- [           main] s.w.s.m.m.a.RequestMappingHandlerMapping : Mapped "{[/member/update],methods=[POST]}" onto public java.lang.String poi.controller.member.WorkController.update(poi.form.member.ArticleForm,org.springframework.validation.BindingResult,org.springframework.web.servlet.mvc.support.RedirectAttributes,java.lang.String)
2017-11-15 07:20:50,210 INFO  --- [           main] s.w.s.m.m.a.RequestMappingHandlerMapping : Mapped "{[/member/create],methods=[POST]}" onto public java.lang.String poi.controller.member.WorkController.create(poi.form.member.ArticleForm,org.springframework.validation.BindingResult,org.springframework.ui.Model,org.springframework.web.servlet.mvc.support.RedirectAttributes)
2017-11-15 07:20:50,211 INFO  --- [           main] s.w.s.m.m.a.RequestMappingHandlerMapping : Mapped "{[/member/create],methods=[GET]}" onto public java.lang.String poi.controller.member.WorkController.displayCreate(org.springframework.ui.Model)
2017-11-15 07:20:50,211 INFO  --- [           main] s.w.s.m.m.a.RequestMappingHandlerMapping : Mapped "{[/member/update/{articleId}],methods=[GET]}" onto public java.lang.String poi.controller.member.WorkController.displayUpdate(poi.form.member.ArticleForm,org.springframework.ui.Model,java.lang.String)
2017-11-15 07:20:50,212 INFO  --- [           main] s.w.s.m.m.a.RequestMappingHandlerMapping : Mapped "{[/member/delete/{articleId}],methods=[GET]}" onto public java.lang.String poi.controller.member.WorkController.displayDelete(org.springframework.web.servlet.mvc.support.RedirectAttributes,java.lang.String)
2017-11-15 07:20:50,213 INFO  --- [           main] s.w.s.m.m.a.RequestMappingHandlerMapping : Mapped "{[/member/delete-category/{categoryId}],methods=[GET]}" onto public java.lang.String poi.controller.member.WorkController.displayDelete(org.springframework.ui.Model,java.lang.String)
2017-11-15 07:20:50,213 INFO  --- [           main] s.w.s.m.m.a.RequestMappingHandlerMapping : Mapped "{[/member/setting],methods=[GET]}" onto public java.lang.String poi.controller.member.WorkController.displaySetting(org.springframework.ui.Model)
2017-11-15 07:20:50,214 INFO  --- [           main] s.w.s.m.m.a.RequestMappingHandlerMapping : Mapped "{[/member/setting],methods=[POST]}" onto public java.lang.String poi.controller.member.WorkController.editSetting(poi.form.general.UserForm,org.springframework.validation.BindingResult,org.springframework.ui.Model,org.springframework.web.servlet.mvc.support.RedirectAttributes)
2017-11-15 07:20:50,215 INFO  --- [           main] s.w.s.m.m.a.RequestMappingHandlerMapping : Mapped "{[/member/help],methods=[GET]}" onto public java.lang.String poi.controller.member.WorkController.displayHelp(org.springframework.ui.Model)
2017-11-15 07:20:50,215 INFO  --- [           main] s.w.s.m.m.a.RequestMappingHandlerMapping : Mapped "{[/member/add-category/{category}],methods=[GET]}" onto public java.lang.String poi.controller.member.WorkController.addCategory(java.lang.String)
2017-11-15 07:20:50,216 INFO  --- [           main] s.w.s.m.m.a.RequestMappingHandlerMapping : Mapped "{[/member/setting-category],methods=[GET]}" onto public java.lang.String poi.controller.member.WorkController.displaySettingCategory(org.springframework.ui.Model)
2017-11-15 07:20:50,222 DEBUG --- [           main] s.w.s.m.m.a.RequestMappingHandlerMapping : 2 request handler methods found on class org.springframework.boot.autoconfigure.web.BasicErrorController: {public org.springframework.http.ResponseEntity org.springframework.boot.autoconfigure.web.BasicErrorController.error(javax.servlet.http.HttpServletRequest)={[/error]}, public org.springframework.web.servlet.ModelAndView org.springframework.boot.autoconfigure.web.BasicErrorController.errorHtml(javax.servlet.http.HttpServletRequest,javax.servlet.http.HttpServletResponse)={[/error],produces=[text/html]}}
2017-11-15 07:20:50,223 INFO  --- [           main] s.w.s.m.m.a.RequestMappingHandlerMapping : Mapped "{[/error]}" onto public org.springframework.http.ResponseEntity<java.util.Map<java.lang.String, java.lang.Object>> org.springframework.boot.autoconfigure.web.BasicErrorController.error(javax.servlet.http.HttpServletRequest)
2017-11-15 07:20:50,223 INFO  --- [           main] s.w.s.m.m.a.RequestMappingHandlerMapping : Mapped "{[/error],produces=[text/html]}" onto public org.springframework.web.servlet.ModelAndView org.springframework.boot.autoconfigure.web.BasicErrorController.errorHtml(javax.servlet.http.HttpServletRequest,javax.servlet.http.HttpServletResponse)
2017-11-15 07:20:50,282 DEBUG --- [           main] o.s.w.s.h.BeanNameUrlHandlerMapping      : Looking for URL mappings in application context: org.springframework.boot.context.embedded.AnnotationConfigEmbeddedWebApplicationContext@21b2e768: startup date [Wed Nov 15 07:20:44 JST 2017]; root of context hierarchy
2017-11-15 07:20:50,282 DEBUG --- [           main] o.s.w.s.h.BeanNameUrlHandlerMapping      : Rejected bean name 'org.springframework.context.annotation.internalConfigurationAnnotationProcessor': no URL paths identified
2017-11-15 07:20:50,282 DEBUG --- [           main] o.s.w.s.h.BeanNameUrlHandlerMapping      : Rejected bean name 'org.springframework.context.annotation.internalAutowiredAnnotationProcessor': no URL paths identified
2017-11-15 07:20:50,282 DEBUG --- [           main] o.s.w.s.h.BeanNameUrlHandlerMapping      : Rejected bean name 'org.springframework.context.annotation.internalRequiredAnnotationProcessor': no URL paths identified
2017-11-15 07:20:50,282 DEBUG --- [           main] o.s.w.s.h.BeanNameUrlHandlerMapping      : Rejected bean name 'org.springframework.context.annotation.internalCommonAnnotationProcessor': no URL paths identified
2017-11-15 07:20:50,282 DEBUG --- [           main] o.s.w.s.h.BeanNameUrlHandlerMapping      : Rejected bean name 'org.springframework.context.event.internalEventListenerProcessor': no URL paths identified
2017-11-15 07:20:50,283 DEBUG --- [           main] o.s.w.s.h.BeanNameUrlHandlerMapping      : Rejected bean name 'org.springframework.context.event.internalEventListenerFactory': no URL paths identified
2017-11-15 07:20:50,283 DEBUG --- [           main] o.s.w.s.h.BeanNameUrlHandlerMapping      : Rejected bean name 'poiApplication': no URL paths identified
2017-11-15 07:20:50,283 DEBUG --- [           main] o.s.w.s.h.BeanNameUrlHandlerMapping      : Rejected bean name 'org.springframework.boot.autoconfigure.internalCachingMetadataReaderFactory': no URL paths identified
2017-11-15 07:20:50,283 DEBUG --- [           main] o.s.w.s.h.BeanNameUrlHandlerMapping      : Rejected bean name 'dataSourceConfiguration': no URL paths identified
2017-11-15 07:20:50,283 DEBUG --- [           main] o.s.w.s.h.BeanNameUrlHandlerMapping      : Rejected bean name 'poiProperites': no URL paths identified
2017-11-15 07:20:50,283 DEBUG --- [           main] o.s.w.s.h.BeanNameUrlHandlerMapping      : Rejected bean name 'webApplicationConfiguration': no URL paths identified
2017-11-15 07:20:50,283 DEBUG --- [           main] o.s.w.s.h.BeanNameUrlHandlerMapping      : Rejected bean name 'webSecurityConfig': no URL paths identified
2017-11-15 07:20:50,283 DEBUG --- [           main] o.s.w.s.h.BeanNameUrlHandlerMapping      : Rejected bean name 'errorController': no URL paths identified
2017-11-15 07:20:50,284 DEBUG --- [           main] o.s.w.s.h.BeanNameUrlHandlerMapping      : Rejected bean name 'generalIndexController': no URL paths identified
2017-11-15 07:20:50,284 DEBUG --- [           main] o.s.w.s.h.BeanNameUrlHandlerMapping      : Rejected bean name 'registerController': no URL paths identified
2017-11-15 07:20:50,284 DEBUG --- [           main] o.s.w.s.h.BeanNameUrlHandlerMapping      : Rejected bean name 'loginController': no URL paths identified
2017-11-15 07:20:50,284 DEBUG --- [           main] o.s.w.s.h.BeanNameUrlHandlerMapping      : Rejected bean name 'memberTopController': no URL paths identified
2017-11-15 07:20:50,284 DEBUG --- [           main] o.s.w.s.h.BeanNameUrlHandlerMapping      : Rejected bean name 'searchController': no URL paths identified
2017-11-15 07:20:50,286 DEBUG --- [           main] o.s.w.s.h.BeanNameUrlHandlerMapping      : Rejected bean name 'workController': no URL paths identified
2017-11-15 07:20:50,289 DEBUG --- [           main] o.s.w.s.h.BeanNameUrlHandlerMapping      : Rejected bean name 'articleTDaoImpl': no URL paths identified
2017-11-15 07:20:50,289 DEBUG --- [           main] o.s.w.s.h.BeanNameUrlHandlerMapping      : Rejected bean name 'categoryTDaoImpl': no URL paths identified
2017-11-15 07:20:50,289 DEBUG --- [           main] o.s.w.s.h.BeanNameUrlHandlerMapping      : Rejected bean name 'userTDaoImpl': no URL paths identified
2017-11-15 07:20:50,289 DEBUG --- [           main] o.s.w.s.h.BeanNameUrlHandlerMapping      : Rejected bean name 'articleService': no URL paths identified
2017-11-15 07:20:50,289 DEBUG --- [           main] o.s.w.s.h.BeanNameUrlHandlerMapping      : Rejected bean name 'categoryService': no URL paths identified
2017-11-15 07:20:50,289 DEBUG --- [           main] o.s.w.s.h.BeanNameUrlHandlerMapping      : Rejected bean name 'userService': no URL paths identified
2017-11-15 07:20:50,290 DEBUG --- [           main] o.s.w.s.h.BeanNameUrlHandlerMapping      : Rejected bean name 'scopedTarget.userDto': no URL paths identified
2017-11-15 07:20:50,290 DEBUG --- [           main] o.s.w.s.h.BeanNameUrlHandlerMapping      : Rejected bean name 'userDto': no URL paths identified
2017-11-15 07:20:50,290 DEBUG --- [           main] o.s.w.s.h.BeanNameUrlHandlerMapping      : Rejected bean name 'scopedTarget.sessionUserDto': no URL paths identified
2017-11-15 07:20:50,290 DEBUG --- [           main] o.s.w.s.h.BeanNameUrlHandlerMapping      : Rejected bean name 'sessionUserDto': no URL paths identified
2017-11-15 07:20:50,296 DEBUG --- [           main] o.s.w.s.h.BeanNameUrlHandlerMapping      : Rejected bean name 'dataSource': no URL paths identified
2017-11-15 07:20:50,296 DEBUG --- [           main] o.s.w.s.h.BeanNameUrlHandlerMapping      : Rejected bean name 'sessionInterceptor': no URL paths identified
2017-11-15 07:20:50,297 DEBUG --- [           main] o.s.w.s.h.BeanNameUrlHandlerMapping      : Rejected bean name 'interceptor': no URL paths identified
2017-11-15 07:20:50,297 DEBUG --- [           main] o.s.w.s.h.BeanNameUrlHandlerMapping      : Rejected bean name 'webMvcConfigurerAdapter': no URL paths identified
2017-11-15 07:20:50,297 DEBUG --- [           main] o.s.w.s.h.BeanNameUrlHandlerMapping      : Rejected bean name 'org.springframework.security.config.annotation.authentication.configuration.AuthenticationConfiguration': no URL paths identified
2017-11-15 07:20:50,297 DEBUG --- [           main] o.s.w.s.h.BeanNameUrlHandlerMapping      : Rejected bean name 'authenticationManagerBuilder': no URL paths identified
2017-11-15 07:20:50,297 DEBUG --- [           main] o.s.w.s.h.BeanNameUrlHandlerMapping      : Rejected bean name 'enableGlobalAuthenticationAutowiredConfigurer': no URL paths identified
2017-11-15 07:20:50,297 DEBUG --- [           main] o.s.w.s.h.BeanNameUrlHandlerMapping      : Rejected bean name 'initializeUserDetailsBeanManagerConfigurer': no URL paths identified
2017-11-15 07:20:50,298 DEBUG --- [           main] o.s.w.s.h.BeanNameUrlHandlerMapping      : Rejected bean name 'initializeAuthenticationProviderBeanManagerConfigurer': no URL paths identified
2017-11-15 07:20:50,298 DEBUG --- [           main] o.s.w.s.h.BeanNameUrlHandlerMapping      : Rejected bean name 'org.springframework.security.config.annotation.web.configuration.WebSecurityConfiguration': no URL paths identified
2017-11-15 07:20:50,298 DEBUG --- [           main] o.s.w.s.h.BeanNameUrlHandlerMapping      : Rejected bean name 'delegatingApplicationListener': no URL paths identified
2017-11-15 07:20:50,298 DEBUG --- [           main] o.s.w.s.h.BeanNameUrlHandlerMapping      : Rejected bean name 'webSecurityExpressionHandler': no URL paths identified
2017-11-15 07:20:50,298 DEBUG --- [           main] o.s.w.s.h.BeanNameUrlHandlerMapping      : Rejected bean name 'springSecurityFilterChain': no URL paths identified
2017-11-15 07:20:50,298 DEBUG --- [           main] o.s.w.s.h.BeanNameUrlHandlerMapping      : Rejected bean name 'privilegeEvaluator': no URL paths identified
2017-11-15 07:20:50,298 DEBUG --- [           main] o.s.w.s.h.BeanNameUrlHandlerMapping      : Rejected bean name 'autowiredWebSecurityConfigurersIgnoreParents': no URL paths identified
2017-11-15 07:20:50,299 DEBUG --- [           main] o.s.w.s.h.BeanNameUrlHandlerMapping      : Rejected bean name 'org.springframework.security.config.annotation.configuration.ObjectPostProcessorConfiguration': no URL paths identified
2017-11-15 07:20:50,300 DEBUG --- [           main] o.s.w.s.h.BeanNameUrlHandlerMapping      : Rejected bean name 'objectPostProcessor': no URL paths identified
2017-11-15 07:20:50,301 DEBUG --- [           main] o.s.w.s.h.BeanNameUrlHandlerMapping      : Rejected bean name 'org.springframework.security.config.annotation.web.configuration.WebMvcSecurityConfiguration': no URL paths identified
2017-11-15 07:20:50,301 DEBUG --- [           main] o.s.w.s.h.BeanNameUrlHandlerMapping      : Rejected bean name 'requestDataValueProcessor': no URL paths identified
2017-11-15 07:20:50,301 DEBUG --- [           main] o.s.w.s.h.BeanNameUrlHandlerMapping      : Rejected bean name 'accessDeniedHandler': no URL paths identified
2017-11-15 07:20:50,301 DEBUG --- [           main] o.s.w.s.h.BeanNameUrlHandlerMapping      : Rejected bean name 'containerCustomizer': no URL paths identified
2017-11-15 07:20:50,301 DEBUG --- [           main] o.s.w.s.h.BeanNameUrlHandlerMapping      : Rejected bean name 'txAdvice': no URL paths identified
2017-11-15 07:20:50,302 DEBUG --- [           main] o.s.w.s.h.BeanNameUrlHandlerMapping      : Rejected bean name 'org.springframework.aop.config.internalAutoProxyCreator': no URL paths identified
2017-11-15 07:20:50,302 DEBUG --- [           main] o.s.w.s.h.BeanNameUrlHandlerMapping      : Rejected bean name 'pointcutController': no URL paths identified
2017-11-15 07:20:50,302 DEBUG --- [           main] o.s.w.s.h.BeanNameUrlHandlerMapping      : Rejected bean name 'org.springframework.aop.support.DefaultBeanFactoryPointcutAdvisor#0': no URL paths identified
2017-11-15 07:20:50,302 DEBUG --- [           main] o.s.w.s.h.BeanNameUrlHandlerMapping      : Rejected bean name 'org.springframework.boot.autoconfigure.AutoConfigurationPackages': no URL paths identified
2017-11-15 07:20:50,308 DEBUG --- [           main] o.s.w.s.h.BeanNameUrlHandlerMapping      : Rejected bean name 'org.springframework.boot.autoconfigure.condition.BeanTypeRegistry': no URL paths identified
2017-11-15 07:20:50,311 DEBUG --- [           main] o.s.w.s.h.BeanNameUrlHandlerMapping      : Rejected bean name 'org.springframework.boot.autoconfigure.MessageSourceAutoConfiguration': no URL paths identified
2017-11-15 07:20:50,311 DEBUG --- [           main] o.s.w.s.h.BeanNameUrlHandlerMapping      : Rejected bean name 'messageSource': no URL paths identified
2017-11-15 07:20:50,311 DEBUG --- [           main] o.s.w.s.h.BeanNameUrlHandlerMapping      : Rejected bean name 'org.springframework.boot.context.properties.ConfigurationPropertiesBindingPostProcessor': no URL paths identified
2017-11-15 07:20:50,312 DEBUG --- [           main] o.s.w.s.h.BeanNameUrlHandlerMapping      : Rejected bean name 'org.springframework.boot.context.properties.ConfigurationPropertiesBindingPostProcessor.store': no URL paths identified
2017-11-15 07:20:50,312 DEBUG --- [           main] o.s.w.s.h.BeanNameUrlHandlerMapping      : Rejected bean name 'org.springframework.boot.autoconfigure.PropertyPlaceholderAutoConfiguration': no URL paths identified
2017-11-15 07:20:50,313 DEBUG --- [           main] o.s.w.s.h.BeanNameUrlHandlerMapping      : Rejected bean name 'propertySourcesPlaceholderConfigurer': no URL paths identified
2017-11-15 07:20:50,313 DEBUG --- [           main] o.s.w.s.h.BeanNameUrlHandlerMapping      : Rejected bean name 'org.springframework.boot.autoconfigure.jackson.JacksonAutoConfiguration$Jackson2ObjectMapperBuilderCustomizerConfiguration': no URL paths identified
2017-11-15 07:20:50,313 DEBUG --- [           main] o.s.w.s.h.BeanNameUrlHandlerMapping      : Rejected bean name 'standardJacksonObjectMapperBuilderCustomizer': no URL paths identified
2017-11-15 07:20:50,313 DEBUG --- [           main] o.s.w.s.h.BeanNameUrlHandlerMapping      : Rejected bean name 'spring.jackson-org.springframework.boot.autoconfigure.jackson.JacksonProperties': no URL paths identified
2017-11-15 07:20:50,313 DEBUG --- [           main] o.s.w.s.h.BeanNameUrlHandlerMapping      : Rejected bean name 'org.springframework.boot.autoconfigure.jackson.JacksonAutoConfiguration$JacksonObjectMapperBuilderConfiguration': no URL paths identified
2017-11-15 07:20:50,313 DEBUG --- [           main] o.s.w.s.h.BeanNameUrlHandlerMapping      : Rejected bean name 'jacksonObjectMapperBuilder': no URL paths identified
2017-11-15 07:20:50,314 DEBUG --- [           main] o.s.w.s.h.BeanNameUrlHandlerMapping      : Rejected bean name 'org.springframework.boot.autoconfigure.jackson.JacksonAutoConfiguration$JacksonObjectMapperConfiguration': no URL paths identified
2017-11-15 07:20:50,314 DEBUG --- [           main] o.s.w.s.h.BeanNameUrlHandlerMapping      : Rejected bean name 'jacksonObjectMapper': no URL paths identified
2017-11-15 07:20:50,314 DEBUG --- [           main] o.s.w.s.h.BeanNameUrlHandlerMapping      : Rejected bean name 'org.springframework.boot.autoconfigure.jackson.JacksonAutoConfiguration': no URL paths identified
2017-11-15 07:20:50,314 DEBUG --- [           main] o.s.w.s.h.BeanNameUrlHandlerMapping      : Rejected bean name 'jsonComponentModule': no URL paths identified
2017-11-15 07:20:50,314 DEBUG --- [           main] o.s.w.s.h.BeanNameUrlHandlerMapping      : Rejected bean name 'org.springframework.boot.autoconfigure.websocket.WebSocketAutoConfiguration$TomcatWebSocketConfiguration': no URL paths identified
2017-11-15 07:20:50,314 DEBUG --- [           main] o.s.w.s.h.BeanNameUrlHandlerMapping      : Rejected bean name 'websocketContainerCustomizer': no URL paths identified
2017-11-15 07:20:50,314 DEBUG --- [           main] o.s.w.s.h.BeanNameUrlHandlerMapping      : Rejected bean name 'org.springframework.boot.autoconfigure.websocket.WebSocketAutoConfiguration': no URL paths identified
2017-11-15 07:20:50,314 DEBUG --- [           main] o.s.w.s.h.BeanNameUrlHandlerMapping      : Rejected bean name 'org.springframework.boot.autoconfigure.web.EmbeddedServletContainerAutoConfiguration$EmbeddedTomcat': no URL paths identified
2017-11-15 07:20:50,314 DEBUG --- [           main] o.s.w.s.h.BeanNameUrlHandlerMapping      : Rejected bean name 'tomcatEmbeddedServletContainerFactory': no URL paths identified
2017-11-15 07:20:50,314 DEBUG --- [           main] o.s.w.s.h.BeanNameUrlHandlerMapping      : Rejected bean name 'org.springframework.boot.autoconfigure.web.EmbeddedServletContainerAutoConfiguration': no URL paths identified
2017-11-15 07:20:50,314 DEBUG --- [           main] o.s.w.s.h.BeanNameUrlHandlerMapping      : Rejected bean name 'embeddedServletContainerCustomizerBeanPostProcessor': no URL paths identified
2017-11-15 07:20:50,314 DEBUG --- [           main] o.s.w.s.h.BeanNameUrlHandlerMapping      : Rejected bean name 'errorPageRegistrarBeanPostProcessor': no URL paths identified
2017-11-15 07:20:50,314 DEBUG --- [           main] o.s.w.s.h.BeanNameUrlHandlerMapping      : Rejected bean name 'org.springframework.boot.autoconfigure.web.DispatcherServletAutoConfiguration$DispatcherServletConfiguration': no URL paths identified
2017-11-15 07:20:50,314 DEBUG --- [           main] o.s.w.s.h.BeanNameUrlHandlerMapping      : Rejected bean name 'dispatcherServlet': no URL paths identified
2017-11-15 07:20:50,314 DEBUG --- [           main] o.s.w.s.h.BeanNameUrlHandlerMapping      : Rejected bean name 'spring.mvc-org.springframework.boot.autoconfigure.web.WebMvcProperties': no URL paths identified
2017-11-15 07:20:50,314 DEBUG --- [           main] o.s.w.s.h.BeanNameUrlHandlerMapping      : Rejected bean name 'org.springframework.boot.autoconfigure.web.DispatcherServletAutoConfiguration$DispatcherServletRegistrationConfiguration': no URL paths identified
2017-11-15 07:20:50,315 DEBUG --- [           main] o.s.w.s.h.BeanNameUrlHandlerMapping      : Rejected bean name 'dispatcherServletRegistration': no URL paths identified
2017-11-15 07:20:50,315 DEBUG --- [           main] o.s.w.s.h.BeanNameUrlHandlerMapping      : Rejected bean name 'org.springframework.boot.autoconfigure.web.DispatcherServletAutoConfiguration': no URL paths identified
2017-11-15 07:20:50,315 DEBUG --- [           main] o.s.w.s.h.BeanNameUrlHandlerMapping      : Rejected bean name 'org.springframework.boot.autoconfigure.web.ErrorMvcAutoConfiguration': no URL paths identified
2017-11-15 07:20:50,315 DEBUG --- [           main] o.s.w.s.h.BeanNameUrlHandlerMapping      : Rejected bean name 'errorAttributes': no URL paths identified
2017-11-15 07:20:50,315 DEBUG --- [           main] o.s.w.s.h.BeanNameUrlHandlerMapping      : Rejected bean name 'basicErrorController': no URL paths identified
2017-11-15 07:20:50,315 DEBUG --- [           main] o.s.w.s.h.BeanNameUrlHandlerMapping      : Rejected bean name 'errorPageCustomizer': no URL paths identified
2017-11-15 07:20:50,315 DEBUG --- [           main] o.s.w.s.h.BeanNameUrlHandlerMapping      : Rejected bean name 'conventionErrorViewResolver': no URL paths identified
2017-11-15 07:20:50,315 DEBUG --- [           main] o.s.w.s.h.BeanNameUrlHandlerMapping      : Rejected bean name 'preserveErrorControllerTargetClassPostProcessor': no URL paths identified
2017-11-15 07:20:50,315 DEBUG --- [           main] o.s.w.s.h.BeanNameUrlHandlerMapping      : Rejected bean name 'spring.resources-org.springframework.boot.autoconfigure.web.ResourceProperties': no URL paths identified
2017-11-15 07:20:50,315 DEBUG --- [           main] o.s.w.s.h.BeanNameUrlHandlerMapping      : Rejected bean name 'org.springframework.boot.autoconfigure.web.WebMvcAutoConfiguration$EnableWebMvcConfiguration': no URL paths identified
2017-11-15 07:20:50,315 DEBUG --- [           main] o.s.w.s.h.BeanNameUrlHandlerMapping      : Rejected bean name 'requestMappingHandlerAdapter': no URL paths identified
2017-11-15 07:20:50,316 DEBUG --- [           main] o.s.w.s.h.BeanNameUrlHandlerMapping      : Rejected bean name 'requestMappingHandlerMapping': no URL paths identified
2017-11-15 07:20:50,316 DEBUG --- [           main] o.s.w.s.h.BeanNameUrlHandlerMapping      : Rejected bean name 'mvcPathMatcher': no URL paths identified
2017-11-15 07:20:50,316 DEBUG --- [           main] o.s.w.s.h.BeanNameUrlHandlerMapping      : Rejected bean name 'mvcUrlPathHelper': no URL paths identified
2017-11-15 07:20:50,316 DEBUG --- [           main] o.s.w.s.h.BeanNameUrlHandlerMapping      : Rejected bean name 'mvcContentNegotiationManager': no URL paths identified
2017-11-15 07:20:50,316 DEBUG --- [           main] o.s.w.s.h.BeanNameUrlHandlerMapping      : Rejected bean name 'viewControllerHandlerMapping': no URL paths identified
2017-11-15 07:20:50,316 DEBUG --- [           main] o.s.w.s.h.BeanNameUrlHandlerMapping      : Rejected bean name 'beanNameHandlerMapping': no URL paths identified
2017-11-15 07:20:50,316 DEBUG --- [           main] o.s.w.s.h.BeanNameUrlHandlerMapping      : Rejected bean name 'resourceHandlerMapping': no URL paths identified
2017-11-15 07:20:50,316 DEBUG --- [           main] o.s.w.s.h.BeanNameUrlHandlerMapping      : Rejected bean name 'mvcResourceUrlProvider': no URL paths identified
2017-11-15 07:20:50,316 DEBUG --- [           main] o.s.w.s.h.BeanNameUrlHandlerMapping      : Rejected bean name 'defaultServletHandlerMapping': no URL paths identified
2017-11-15 07:20:50,316 DEBUG --- [           main] o.s.w.s.h.BeanNameUrlHandlerMapping      : Rejected bean name 'mvcConversionService': no URL paths identified
2017-11-15 07:20:50,316 DEBUG --- [           main] o.s.w.s.h.BeanNameUrlHandlerMapping      : Rejected bean name 'mvcValidator': no URL paths identified
2017-11-15 07:20:50,317 DEBUG --- [           main] o.s.w.s.h.BeanNameUrlHandlerMapping      : Rejected bean name 'mvcUriComponentsContributor': no URL paths identified
2017-11-15 07:20:50,317 DEBUG --- [           main] o.s.w.s.h.BeanNameUrlHandlerMapping      : Rejected bean name 'httpRequestHandlerAdapter': no URL paths identified
2017-11-15 07:20:50,317 DEBUG --- [           main] o.s.w.s.h.BeanNameUrlHandlerMapping      : Rejected bean name 'simpleControllerHandlerAdapter': no URL paths identified
2017-11-15 07:20:50,317 DEBUG --- [           main] o.s.w.s.h.BeanNameUrlHandlerMapping      : Rejected bean name 'handlerExceptionResolver': no URL paths identified
2017-11-15 07:20:50,317 DEBUG --- [           main] o.s.w.s.h.BeanNameUrlHandlerMapping      : Rejected bean name 'mvcViewResolver': no URL paths identified
2017-11-15 07:20:50,317 DEBUG --- [           main] o.s.w.s.h.BeanNameUrlHandlerMapping      : Rejected bean name 'org.springframework.boot.autoconfigure.web.WebMvcAutoConfiguration$WebMvcAutoConfigurationAdapter$FaviconConfiguration': no URL paths identified
2017-11-15 07:20:50,317 DEBUG --- [           main] o.s.w.s.h.BeanNameUrlHandlerMapping      : Rejected bean name 'faviconHandlerMapping': no URL paths identified
2017-11-15 07:20:50,317 DEBUG --- [           main] o.s.w.s.h.BeanNameUrlHandlerMapping      : Rejected bean name 'faviconRequestHandler': no URL paths identified
2017-11-15 07:20:50,317 DEBUG --- [           main] o.s.w.s.h.BeanNameUrlHandlerMapping      : Rejected bean name 'org.springframework.boot.autoconfigure.web.WebMvcAutoConfiguration$WebMvcAutoConfigurationAdapter': no URL paths identified
2017-11-15 07:20:50,317 DEBUG --- [           main] o.s.w.s.h.BeanNameUrlHandlerMapping      : Rejected bean name 'defaultViewResolver': no URL paths identified
2017-11-15 07:20:50,317 DEBUG --- [           main] o.s.w.s.h.BeanNameUrlHandlerMapping      : Rejected bean name 'viewResolver': no URL paths identified
2017-11-15 07:20:50,317 DEBUG --- [           main] o.s.w.s.h.BeanNameUrlHandlerMapping      : Rejected bean name 'welcomePageHandlerMapping': no URL paths identified
2017-11-15 07:20:50,317 DEBUG --- [           main] o.s.w.s.h.BeanNameUrlHandlerMapping      : Rejected bean name 'requestContextFilter': no URL paths identified
2017-11-15 07:20:50,318 DEBUG --- [           main] o.s.w.s.h.BeanNameUrlHandlerMapping      : Rejected bean name 'org.springframework.boot.autoconfigure.web.WebMvcAutoConfiguration': no URL paths identified
2017-11-15 07:20:50,318 DEBUG --- [           main] o.s.w.s.h.BeanNameUrlHandlerMapping      : Rejected bean name 'hiddenHttpMethodFilter': no URL paths identified
2017-11-15 07:20:50,318 DEBUG --- [           main] o.s.w.s.h.BeanNameUrlHandlerMapping      : Rejected bean name 'httpPutFormContentFilter': no URL paths identified
2017-11-15 07:20:50,318 DEBUG --- [           main] o.s.w.s.h.BeanNameUrlHandlerMapping      : Rejected bean name 'org.springframework.boot.autoconfigure.jmx.JmxAutoConfiguration': no URL paths identified
2017-11-15 07:20:50,318 DEBUG --- [           main] o.s.w.s.h.BeanNameUrlHandlerMapping      : Rejected bean name 'mbeanExporter': no URL paths identified
2017-11-15 07:20:50,318 DEBUG --- [           main] o.s.w.s.h.BeanNameUrlHandlerMapping      : Rejected bean name 'objectNamingStrategy': no URL paths identified
2017-11-15 07:20:50,318 DEBUG --- [           main] o.s.w.s.h.BeanNameUrlHandlerMapping      : Rejected bean name 'mbeanServer': no URL paths identified
2017-11-15 07:20:50,318 DEBUG --- [           main] o.s.w.s.h.BeanNameUrlHandlerMapping      : Rejected bean name 'org.springframework.boot.autoconfigure.admin.SpringApplicationAdminJmxAutoConfiguration': no URL paths identified
2017-11-15 07:20:50,318 DEBUG --- [           main] o.s.w.s.h.BeanNameUrlHandlerMapping      : Rejected bean name 'springApplicationAdminRegistrar': no URL paths identified
2017-11-15 07:20:50,320 DEBUG --- [           main] o.s.w.s.h.BeanNameUrlHandlerMapping      : Rejected bean name 'org.springframework.boot.autoconfigure.aop.AopAutoConfiguration$JdkDynamicAutoProxyConfiguration': no URL paths identified
2017-11-15 07:20:50,321 DEBUG --- [           main] o.s.w.s.h.BeanNameUrlHandlerMapping      : Rejected bean name 'org.springframework.boot.autoconfigure.aop.AopAutoConfiguration': no URL paths identified
2017-11-15 07:20:50,322 DEBUG --- [           main] o.s.w.s.h.BeanNameUrlHandlerMapping      : Rejected bean name 'org.springframework.boot.autoconfigure.jdbc.metadata.DataSourcePoolMetadataProvidersConfiguration$TomcatDataSourcePoolMetadataProviderConfiguration': no URL paths identified
2017-11-15 07:20:50,322 DEBUG --- [           main] o.s.w.s.h.BeanNameUrlHandlerMapping      : Rejected bean name 'tomcatPoolDataSourceMetadataProvider': no URL paths identified
2017-11-15 07:20:50,322 DEBUG --- [           main] o.s.w.s.h.BeanNameUrlHandlerMapping      : Rejected bean name 'org.springframework.boot.autoconfigure.jdbc.metadata.DataSourcePoolMetadataProvidersConfiguration': no URL paths identified
2017-11-15 07:20:50,322 DEBUG --- [           main] o.s.w.s.h.BeanNameUrlHandlerMapping      : Rejected bean name 'org.springframework.boot.autoconfigure.jdbc.DataSourceAutoConfiguration': no URL paths identified
2017-11-15 07:20:50,322 DEBUG --- [           main] o.s.w.s.h.BeanNameUrlHandlerMapping      : Rejected bean name 'dataSourceInitializer': no URL paths identified
2017-11-15 07:20:50,322 DEBUG --- [           main] o.s.w.s.h.BeanNameUrlHandlerMapping      : Rejected bean name 'spring.datasource-org.springframework.boot.autoconfigure.jdbc.DataSourceProperties': no URL paths identified
2017-11-15 07:20:50,322 DEBUG --- [           main] o.s.w.s.h.BeanNameUrlHandlerMapping      : Rejected bean name 'dataSourceInitializerPostProcessor': no URL paths identified
2017-11-15 07:20:50,322 DEBUG --- [           main] o.s.w.s.h.BeanNameUrlHandlerMapping      : Rejected bean name 'org.springframework.boot.autoconfigure.context.ConfigurationPropertiesAutoConfiguration': no URL paths identified
2017-11-15 07:20:50,322 DEBUG --- [           main] o.s.w.s.h.BeanNameUrlHandlerMapping      : Rejected bean name 'org.springframework.boot.autoconfigure.dao.PersistenceExceptionTranslationAutoConfiguration': no URL paths identified
2017-11-15 07:20:50,322 DEBUG --- [           main] o.s.w.s.h.BeanNameUrlHandlerMapping      : Rejected bean name 'persistenceExceptionTranslationPostProcessor': no URL paths identified
2017-11-15 07:20:50,322 DEBUG --- [           main] o.s.w.s.h.BeanNameUrlHandlerMapping      : Rejected bean name 'org.springframework.boot.autoconfigure.web.HttpMessageConvertersAutoConfiguration$StringHttpMessageConverterConfiguration': no URL paths identified
2017-11-15 07:20:50,323 DEBUG --- [           main] o.s.w.s.h.BeanNameUrlHandlerMapping      : Rejected bean name 'stringHttpMessageConverter': no URL paths identified
2017-11-15 07:20:50,323 DEBUG --- [           main] o.s.w.s.h.BeanNameUrlHandlerMapping      : Rejected bean name 'spring.http.encoding-org.springframework.boot.autoconfigure.web.HttpEncodingProperties': no URL paths identified
2017-11-15 07:20:50,323 DEBUG --- [           main] o.s.w.s.h.BeanNameUrlHandlerMapping      : Rejected bean name 'org.springframework.boot.autoconfigure.web.JacksonHttpMessageConvertersConfiguration$MappingJackson2HttpMessageConverterConfiguration': no URL paths identified
2017-11-15 07:20:50,323 DEBUG --- [           main] o.s.w.s.h.BeanNameUrlHandlerMapping      : Rejected bean name 'mappingJackson2HttpMessageConverter': no URL paths identified
2017-11-15 07:20:50,323 DEBUG --- [           main] o.s.w.s.h.BeanNameUrlHandlerMapping      : Rejected bean name 'org.springframework.boot.autoconfigure.web.JacksonHttpMessageConvertersConfiguration': no URL paths identified
2017-11-15 07:20:50,323 DEBUG --- [           main] o.s.w.s.h.BeanNameUrlHandlerMapping      : Rejected bean name 'org.springframework.boot.autoconfigure.web.HttpMessageConvertersAutoConfiguration': no URL paths identified
2017-11-15 07:20:50,323 DEBUG --- [           main] o.s.w.s.h.BeanNameUrlHandlerMapping      : Rejected bean name 'messageConverters': no URL paths identified
2017-11-15 07:20:50,323 DEBUG --- [           main] o.s.w.s.h.BeanNameUrlHandlerMapping      : Rejected bean name 'org.springframework.boot.autoconfigure.security.AuthenticationManagerConfiguration$AuthenticationManagerConfigurationListener': no URL paths identified
2017-11-15 07:20:50,323 DEBUG --- [           main] o.s.w.s.h.BeanNameUrlHandlerMapping      : Rejected bean name 'org.springframework.boot.autoconfigure.security.AuthenticationManagerConfiguration': no URL paths identified
2017-11-15 07:20:50,323 DEBUG --- [           main] o.s.w.s.h.BeanNameUrlHandlerMapping      : Rejected bean name 'authenticationManager': no URL paths identified
2017-11-15 07:20:50,323 DEBUG --- [           main] o.s.w.s.h.BeanNameUrlHandlerMapping      : Rejected bean name 'springBootAuthenticationConfigurerAdapter': no URL paths identified
2017-11-15 07:20:50,324 DEBUG --- [           main] o.s.w.s.h.BeanNameUrlHandlerMapping      : Rejected bean name 'org.springframework.boot.autoconfigure.security.BootGlobalAuthenticationConfiguration': no URL paths identified
2017-11-15 07:20:50,324 DEBUG --- [           main] o.s.w.s.h.BeanNameUrlHandlerMapping      : Rejected bean name 'bootGlobalAuthenticationConfigurationAdapter': no URL paths identified
2017-11-15 07:20:50,324 DEBUG --- [           main] o.s.w.s.h.BeanNameUrlHandlerMapping      : Rejected bean name 'org.springframework.boot.autoconfigure.security.SecurityAutoConfiguration': no URL paths identified
2017-11-15 07:20:50,324 DEBUG --- [           main] o.s.w.s.h.BeanNameUrlHandlerMapping      : Rejected bean name 'authenticationEventPublisher': no URL paths identified
2017-11-15 07:20:50,324 DEBUG --- [           main] o.s.w.s.h.BeanNameUrlHandlerMapping      : Rejected bean name 'securityProperties': no URL paths identified
2017-11-15 07:20:50,324 DEBUG --- [           main] o.s.w.s.h.BeanNameUrlHandlerMapping      : Rejected bean name 'org.springframework.boot.autoconfigure.info.ProjectInfoAutoConfiguration': no URL paths identified
2017-11-15 07:20:50,324 DEBUG --- [           main] o.s.w.s.h.BeanNameUrlHandlerMapping      : Rejected bean name 'spring.info-org.springframework.boot.autoconfigure.info.ProjectInfoProperties': no URL paths identified
2017-11-15 07:20:50,324 DEBUG --- [           main] o.s.w.s.h.BeanNameUrlHandlerMapping      : Rejected bean name 'org.springframework.transaction.annotation.ProxyTransactionManagementConfiguration': no URL paths identified
2017-11-15 07:20:50,324 DEBUG --- [           main] o.s.w.s.h.BeanNameUrlHandlerMapping      : Rejected bean name 'org.springframework.transaction.config.internalTransactionAdvisor': no URL paths identified
2017-11-15 07:20:50,324 DEBUG --- [           main] o.s.w.s.h.BeanNameUrlHandlerMapping      : Rejected bean name 'transactionAttributeSource': no URL paths identified
2017-11-15 07:20:50,325 DEBUG --- [           main] o.s.w.s.h.BeanNameUrlHandlerMapping      : Rejected bean name 'transactionInterceptor': no URL paths identified
2017-11-15 07:20:50,325 DEBUG --- [           main] o.s.w.s.h.BeanNameUrlHandlerMapping      : Rejected bean name 'org.springframework.transaction.config.internalTransactionalEventListenerFactory': no URL paths identified
2017-11-15 07:20:50,325 DEBUG --- [           main] o.s.w.s.h.BeanNameUrlHandlerMapping      : Rejected bean name 'org.springframework.boot.autoconfigure.jdbc.DataSourceTransactionManagerAutoConfiguration$TransactionManagementConfiguration': no URL paths identified
2017-11-15 07:20:50,325 DEBUG --- [           main] o.s.w.s.h.BeanNameUrlHandlerMapping      : Rejected bean name 'org.springframework.boot.autoconfigure.jdbc.DataSourceTransactionManagerAutoConfiguration$DataSourceTransactionManagerConfiguration': no URL paths identified
2017-11-15 07:20:50,325 DEBUG --- [           main] o.s.w.s.h.BeanNameUrlHandlerMapping      : Rejected bean name 'transactionManager': no URL paths identified
2017-11-15 07:20:50,325 DEBUG --- [           main] o.s.w.s.h.BeanNameUrlHandlerMapping      : Rejected bean name 'org.springframework.boot.autoconfigure.jdbc.DataSourceTransactionManagerAutoConfiguration': no URL paths identified
2017-11-15 07:20:50,325 DEBUG --- [           main] o.s.w.s.h.BeanNameUrlHandlerMapping      : Rejected bean name 'org.springframework.boot.autoconfigure.jdbc.JdbcTemplateAutoConfiguration': no URL paths identified
2017-11-15 07:20:50,325 DEBUG --- [           main] o.s.w.s.h.BeanNameUrlHandlerMapping      : Rejected bean name 'jdbcTemplate': no URL paths identified
2017-11-15 07:20:50,325 DEBUG --- [           main] o.s.w.s.h.BeanNameUrlHandlerMapping      : Rejected bean name 'namedParameterJdbcTemplate': no URL paths identified
2017-11-15 07:20:50,325 DEBUG --- [           main] o.s.w.s.h.BeanNameUrlHandlerMapping      : Rejected bean name 'org.springframework.boot.autoconfigure.thymeleaf.ThymeleafAutoConfiguration$ThymeleafResourceHandlingConfig': no URL paths identified
2017-11-15 07:20:50,325 DEBUG --- [           main] o.s.w.s.h.BeanNameUrlHandlerMapping      : Rejected bean name 'org.springframework.boot.autoconfigure.thymeleaf.ThymeleafAutoConfiguration$ThymeleafJava8TimeDialect': no URL paths identified
2017-11-15 07:20:50,325 DEBUG --- [           main] o.s.w.s.h.BeanNameUrlHandlerMapping      : Rejected bean name 'java8TimeDialect': no URL paths identified
2017-11-15 07:20:50,326 DEBUG --- [           main] o.s.w.s.h.BeanNameUrlHandlerMapping      : Rejected bean name 'org.springframework.boot.autoconfigure.thymeleaf.ThymeleafAutoConfiguration$ThymeleafWebLayoutConfiguration': no URL paths identified
2017-11-15 07:20:50,326 DEBUG --- [           main] o.s.w.s.h.BeanNameUrlHandlerMapping      : Rejected bean name 'layoutDialect': no URL paths identified
2017-11-15 07:20:50,326 DEBUG --- [           main] o.s.w.s.h.BeanNameUrlHandlerMapping      : Rejected bean name 'org.springframework.boot.autoconfigure.thymeleaf.ThymeleafAutoConfiguration$ThymeleafDefaultConfiguration': no URL paths identified
2017-11-15 07:20:50,326 DEBUG --- [           main] o.s.w.s.h.BeanNameUrlHandlerMapping      : Rejected bean name 'templateEngine': no URL paths identified
2017-11-15 07:20:50,326 DEBUG --- [           main] o.s.w.s.h.BeanNameUrlHandlerMapping      : Rejected bean name 'org.springframework.boot.autoconfigure.thymeleaf.ThymeleafAutoConfiguration$Thymeleaf2Configuration$Thymeleaf2ViewResolverConfiguration': no URL paths identified
2017-11-15 07:20:50,326 DEBUG --- [           main] o.s.w.s.h.BeanNameUrlHandlerMapping      : Rejected bean name 'thymeleafViewResolver': no URL paths identified
2017-11-15 07:20:50,326 DEBUG --- [           main] o.s.w.s.h.BeanNameUrlHandlerMapping      : Rejected bean name 'org.springframework.boot.autoconfigure.thymeleaf.ThymeleafAutoConfiguration$Thymeleaf2Configuration$DefaultTemplateResolverConfiguration': no URL paths identified
2017-11-15 07:20:50,326 DEBUG --- [           main] o.s.w.s.h.BeanNameUrlHandlerMapping      : Rejected bean name 'thymeleafResourceResolver': no URL paths identified
2017-11-15 07:20:50,326 DEBUG --- [           main] o.s.w.s.h.BeanNameUrlHandlerMapping      : Rejected bean name 'defaultTemplateResolver': no URL paths identified
2017-11-15 07:20:50,326 DEBUG --- [           main] o.s.w.s.h.BeanNameUrlHandlerMapping      : Rejected bean name 'org.springframework.boot.autoconfigure.thymeleaf.ThymeleafAutoConfiguration$Thymeleaf2Configuration': no URL paths identified
2017-11-15 07:20:50,328 DEBUG --- [           main] o.s.w.s.h.BeanNameUrlHandlerMapping      : Rejected bean name 'org.springframework.boot.autoconfigure.thymeleaf.ThymeleafAutoConfiguration': no URL paths identified
2017-11-15 07:20:50,329 DEBUG --- [           main] o.s.w.s.h.BeanNameUrlHandlerMapping      : Rejected bean name 'spring.thymeleaf-org.springframework.boot.autoconfigure.thymeleaf.ThymeleafProperties': no URL paths identified
2017-11-15 07:20:50,329 DEBUG --- [           main] o.s.w.s.h.BeanNameUrlHandlerMapping      : Rejected bean name 'org.springframework.boot.autoconfigure.security.SecurityFilterAutoConfiguration': no URL paths identified
2017-11-15 07:20:50,329 DEBUG --- [           main] o.s.w.s.h.BeanNameUrlHandlerMapping      : Rejected bean name 'securityFilterChainRegistration': no URL paths identified
2017-11-15 07:20:50,329 DEBUG --- [           main] o.s.w.s.h.BeanNameUrlHandlerMapping      : Rejected bean name 'org.springframework.boot.autoconfigure.transaction.TransactionAutoConfiguration': no URL paths identified
2017-11-15 07:20:50,330 DEBUG --- [           main] o.s.w.s.h.BeanNameUrlHandlerMapping      : Rejected bean name 'transactionTemplate': no URL paths identified
2017-11-15 07:20:50,330 DEBUG --- [           main] o.s.w.s.h.BeanNameUrlHandlerMapping      : Rejected bean name 'org.springframework.boot.autoconfigure.web.HttpEncodingAutoConfiguration': no URL paths identified
2017-11-15 07:20:50,330 DEBUG --- [           main] o.s.w.s.h.BeanNameUrlHandlerMapping      : Rejected bean name 'characterEncodingFilter': no URL paths identified
2017-11-15 07:20:50,330 DEBUG --- [           main] o.s.w.s.h.BeanNameUrlHandlerMapping      : Rejected bean name 'localeCharsetMappingsCustomizer': no URL paths identified
2017-11-15 07:20:50,330 DEBUG --- [           main] o.s.w.s.h.BeanNameUrlHandlerMapping      : Rejected bean name 'org.springframework.boot.autoconfigure.web.MultipartAutoConfiguration': no URL paths identified
2017-11-15 07:20:50,330 DEBUG --- [           main] o.s.w.s.h.BeanNameUrlHandlerMapping      : Rejected bean name 'multipartConfigElement': no URL paths identified
2017-11-15 07:20:50,330 DEBUG --- [           main] o.s.w.s.h.BeanNameUrlHandlerMapping      : Rejected bean name 'multipartResolver': no URL paths identified
2017-11-15 07:20:50,330 DEBUG --- [           main] o.s.w.s.h.BeanNameUrlHandlerMapping      : Rejected bean name 'spring.http.multipart-org.springframework.boot.autoconfigure.web.MultipartProperties': no URL paths identified
2017-11-15 07:20:50,330 DEBUG --- [           main] o.s.w.s.h.BeanNameUrlHandlerMapping      : Rejected bean name 'org.springframework.boot.autoconfigure.web.ServerPropertiesAutoConfiguration': no URL paths identified
2017-11-15 07:20:50,330 DEBUG --- [           main] o.s.w.s.h.BeanNameUrlHandlerMapping      : Rejected bean name 'serverProperties': no URL paths identified
2017-11-15 07:20:50,331 DEBUG --- [           main] o.s.w.s.h.BeanNameUrlHandlerMapping      : Rejected bean name 'duplicateServerPropertiesDetector': no URL paths identified
2017-11-15 07:20:50,331 DEBUG --- [           main] o.s.w.s.h.BeanNameUrlHandlerMapping      : Rejected bean name 'org.springframework.boot.autoconfigure.web.WebClientAutoConfiguration$RestTemplateConfiguration': no URL paths identified
2017-11-15 07:20:50,331 DEBUG --- [           main] o.s.w.s.h.BeanNameUrlHandlerMapping      : Rejected bean name 'restTemplateBuilder': no URL paths identified
2017-11-15 07:20:50,331 DEBUG --- [           main] o.s.w.s.h.BeanNameUrlHandlerMapping      : Rejected bean name 'org.springframework.boot.autoconfigure.web.WebClientAutoConfiguration': no URL paths identified
2017-11-15 07:20:50,331 DEBUG --- [           main] o.s.w.s.h.BeanNameUrlHandlerMapping      : Rejected bean name 'autoConfigurationReport': no URL paths identified
2017-11-15 07:20:50,331 DEBUG --- [           main] o.s.w.s.h.BeanNameUrlHandlerMapping      : Rejected bean name 'springApplicationArguments': no URL paths identified
2017-11-15 07:20:50,331 DEBUG --- [           main] o.s.w.s.h.BeanNameUrlHandlerMapping      : Rejected bean name 'springBootBanner': no URL paths identified
2017-11-15 07:20:50,331 DEBUG --- [           main] o.s.w.s.h.BeanNameUrlHandlerMapping      : Rejected bean name 'springBootLoggingSystem': no URL paths identified
2017-11-15 07:20:50,331 DEBUG --- [           main] o.s.w.s.h.BeanNameUrlHandlerMapping      : Rejected bean name 'environment': no URL paths identified
2017-11-15 07:20:50,332 DEBUG --- [           main] o.s.w.s.h.BeanNameUrlHandlerMapping      : Rejected bean name 'systemProperties': no URL paths identified
2017-11-15 07:20:50,332 DEBUG --- [           main] o.s.w.s.h.BeanNameUrlHandlerMapping      : Rejected bean name 'systemEnvironment': no URL paths identified
2017-11-15 07:20:50,332 DEBUG --- [           main] o.s.w.s.h.BeanNameUrlHandlerMapping      : Rejected bean name 'org.springframework.context.annotation.ConfigurationClassPostProcessor.importRegistry': no URL paths identified
2017-11-15 07:20:50,332 DEBUG --- [           main] o.s.w.s.h.BeanNameUrlHandlerMapping      : Rejected bean name 'applicationEventMulticaster': no URL paths identified
2017-11-15 07:20:50,332 DEBUG --- [           main] o.s.w.s.h.BeanNameUrlHandlerMapping      : Rejected bean name 'servletContext': no URL paths identified
2017-11-15 07:20:50,332 DEBUG --- [           main] o.s.w.s.h.BeanNameUrlHandlerMapping      : Rejected bean name 'contextParameters': no URL paths identified
2017-11-15 07:20:50,332 DEBUG --- [           main] o.s.w.s.h.BeanNameUrlHandlerMapping      : Rejected bean name 'contextAttributes': no URL paths identified
2017-11-15 07:20:50,351 INFO  --- [           main] o.s.w.s.handler.SimpleUrlHandlerMapping  : Mapped URL path [/webjars/**] onto handler of type [class org.springframework.web.servlet.resource.ResourceHttpRequestHandler]
2017-11-15 07:20:50,351 INFO  --- [           main] o.s.w.s.handler.SimpleUrlHandlerMapping  : Mapped URL path [/**] onto handler of type [class org.springframework.web.servlet.resource.ResourceHttpRequestHandler]
2017-11-15 07:20:50,376 DEBUG --- [           main] .m.m.a.ExceptionHandlerExceptionResolver : Looking for exception mappings: org.springframework.boot.context.embedded.AnnotationConfigEmbeddedWebApplicationContext@21b2e768: startup date [Wed Nov 15 07:20:44 JST 2017]; root of context hierarchy
2017-11-15 07:20:50,421 INFO  --- [           main] o.s.w.s.handler.SimpleUrlHandlerMapping  : Mapped URL path [/**/favicon.ico] onto handler of type [class org.springframework.web.servlet.resource.ResourceHttpRequestHandler]
2017-11-15 07:20:51,560 INFO  --- [           main] o.s.j.e.a.AnnotationMBeanExporter        : Registering beans for JMX exposure on startup
2017-11-15 07:20:51,578 DEBUG --- [           main] o.s.w.s.resource.ResourceUrlProvider     : Looking for resource handler mappings
2017-11-15 07:20:51,578 DEBUG --- [           main] o.s.w.s.resource.ResourceUrlProvider     : Found resource handler mapping: URL pattern="/**/favicon.ico", locations=[ServletContext resource [/], class path resource [META-INF/resources/], class path resource [resources/], class path resource [static/], class path resource [public/], class path resource []], resolvers=[org.springframework.web.servlet.resource.PathResourceResolver@11b32a14]
2017-11-15 07:20:51,579 DEBUG --- [           main] o.s.w.s.resource.ResourceUrlProvider     : Found resource handler mapping: URL pattern="/webjars/**", locations=[class path resource [META-INF/resources/webjars/]], resolvers=[org.springframework.web.servlet.resource.PathResourceResolver@1c33e528]
2017-11-15 07:20:51,579 DEBUG --- [           main] o.s.w.s.resource.ResourceUrlProvider     : Found resource handler mapping: URL pattern="/**", locations=[ServletContext resource [/], class path resource [META-INF/resources/], class path resource [resources/], class path resource [static/], class path resource [public/]], resolvers=[org.springframework.web.servlet.resource.PathResourceResolver@5df63359]
2017-11-15 07:20:51,671 INFO  --- [           main] s.b.c.e.t.TomcatEmbeddedServletContainer : Tomcat started on port(s): 8080 (http)
2017-11-15 07:20:51,672 DEBUG --- [           main] o.s.w.c.s.StandardServletEnvironment     : Adding [server.ports] PropertySource with highest search precedence
2017-11-15 07:20:51,678 INFO  --- [           main] poi.poiApplication                       : Started poiApplication in 8.038 seconds (JVM running for 8.833)
2017-11-15 07:21:00,610 DEBUG --- [nio-8080-exec-1] o.s.web.servlet.DispatcherServlet        : Initializing servlet 'dispatcherServlet'
2017-11-15 07:21:00,616 INFO  --- [nio-8080-exec-1] o.a.c.c.C.[Tomcat].[localhost].[/poi]    : Initializing Spring FrameworkServlet 'dispatcherServlet'
2017-11-15 07:21:00,616 INFO  --- [nio-8080-exec-1] o.s.web.servlet.DispatcherServlet        : FrameworkServlet 'dispatcherServlet': initialization started
2017-11-15 07:21:00,616 DEBUG --- [nio-8080-exec-1] o.s.web.servlet.DispatcherServlet        : Using MultipartResolver [org.springframework.web.multipart.support.StandardServletMultipartResolver@76425c65]
2017-11-15 07:21:00,630 DEBUG --- [nio-8080-exec-1] o.s.web.servlet.DispatcherServlet        : Unable to locate LocaleResolver with name 'localeResolver': using default [org.springframework.web.servlet.i18n.AcceptHeaderLocaleResolver@3a6492d4]
2017-11-15 07:21:00,637 DEBUG --- [nio-8080-exec-1] o.s.web.servlet.DispatcherServlet        : Unable to locate ThemeResolver with name 'themeResolver': using default [org.springframework.web.servlet.theme.FixedThemeResolver@6c70f8c5]
2017-11-15 07:21:00,649 DEBUG --- [nio-8080-exec-1] o.s.web.servlet.DispatcherServlet        : Unable to locate RequestToViewNameTranslator with name 'viewNameTranslator': using default [org.springframework.web.servlet.view.DefaultRequestToViewNameTranslator@10349fb5]
2017-11-15 07:21:00,667 DEBUG --- [nio-8080-exec-1] o.s.web.servlet.DispatcherServlet        : Unable to locate FlashMapManager with name 'flashMapManager': using default [org.springframework.web.servlet.support.SessionFlashMapManager@584b18d4]
2017-11-15 07:21:00,668 DEBUG --- [nio-8080-exec-1] o.s.web.servlet.DispatcherServlet        : Published WebApplicationContext of servlet 'dispatcherServlet' as ServletContext attribute with name [org.springframework.web.servlet.FrameworkServlet.CONTEXT.dispatcherServlet]
2017-11-15 07:21:00,668 INFO  --- [nio-8080-exec-1] o.s.web.servlet.DispatcherServlet        : FrameworkServlet 'dispatcherServlet': initialization completed in 52 ms
2017-11-15 07:21:00,668 DEBUG --- [nio-8080-exec-1] o.s.web.servlet.DispatcherServlet        : Servlet 'dispatcherServlet' configured successfully
2017-11-15 07:21:00,736 DEBUG --- [nio-8080-exec-1] poi.util.TokenUtility                    : CSRF対象外：/poi/general/
2017-11-15 07:21:00,746 DEBUG --- [nio-8080-exec-1] o.s.web.servlet.DispatcherServlet        : DispatcherServlet with name 'dispatcherServlet' processing GET request for [/poi/general/]
2017-11-15 07:21:00,751 DEBUG --- [nio-8080-exec-1] s.w.s.m.m.a.RequestMappingHandlerMapping : Looking up handler method for path /general/
2017-11-15 07:21:00,753 DEBUG --- [nio-8080-exec-1] s.w.s.m.m.a.RequestMappingHandlerMapping : Returning handler method [public java.lang.String poi.controller.general.GeneralIndexController.index()]
2017-11-15 07:21:00,754 DEBUG --- [nio-8080-exec-1] o.s.web.servlet.DispatcherServlet        : Last-Modified value for [/poi/general/] is: -1
2017-11-15 07:21:00,780 DEBUG --- [nio-8080-exec-1] o.s.w.s.v.ContentNegotiatingViewResolver : Requested media types are [text/html, application/xhtml+xml, image/webp, image/apng, application/xml;q=0.9, */*;q=0.8] based on Accept header types and producible media types [*/*])
2017-11-15 07:21:00,900 DEBUG --- [nio-8080-exec-1] o.s.w.s.v.ContentNegotiatingViewResolver : Returning [org.thymeleaf.spring4.view.ThymeleafView@37a29afc] based on requested media type 'text/html'
2017-11-15 07:21:00,902 DEBUG --- [nio-8080-exec-1] o.s.web.servlet.DispatcherServlet        : Rendering view [org.thymeleaf.spring4.view.ThymeleafView@37a29afc] in DispatcherServlet with name 'dispatcherServlet'
2017-11-15 07:21:01,321 DEBUG --- [nio-8080-exec-1] o.s.web.servlet.DispatcherServlet        : Successfully completed request
2017-11-15 07:21:01,338 DEBUG --- [nio-8080-exec-4] poi.util.TokenUtility                    : CSRF対象外：/poi/js/jquery-3.1.1.min.js
2017-11-15 07:21:01,338 DEBUG --- [nio-8080-exec-2] poi.util.TokenUtility                    : CSRF対象外：/poi/css/style-index.css
2017-11-15 07:21:01,338 DEBUG --- [nio-8080-exec-5] poi.util.TokenUtility                    : CSRF対象外：/poi/js/materialize.js
2017-11-15 07:21:01,338 DEBUG --- [nio-8080-exec-3] poi.util.TokenUtility                    : CSRF対象外：/poi/css/materialize.css
2017-11-15 07:21:01,338 DEBUG --- [nio-8080-exec-2] o.s.web.servlet.DispatcherServlet        : DispatcherServlet with name 'dispatcherServlet' processing GET request for [/poi/css/style-index.css]
2017-11-15 07:21:01,338 DEBUG --- [nio-8080-exec-5] o.s.web.servlet.DispatcherServlet        : DispatcherServlet with name 'dispatcherServlet' processing GET request for [/poi/js/materialize.js]
2017-11-15 07:21:01,338 DEBUG --- [nio-8080-exec-4] o.s.web.servlet.DispatcherServlet        : DispatcherServlet with name 'dispatcherServlet' processing GET request for [/poi/js/jquery-3.1.1.min.js]
2017-11-15 07:21:01,339 DEBUG --- [nio-8080-exec-3] o.s.web.servlet.DispatcherServlet        : DispatcherServlet with name 'dispatcherServlet' processing GET request for [/poi/css/materialize.css]
2017-11-15 07:21:01,339 DEBUG --- [nio-8080-exec-2] s.w.s.m.m.a.RequestMappingHandlerMapping : Looking up handler method for path /css/style-index.css
2017-11-15 07:21:01,339 DEBUG --- [nio-8080-exec-5] s.w.s.m.m.a.RequestMappingHandlerMapping : Looking up handler method for path /js/materialize.js
2017-11-15 07:21:01,339 DEBUG --- [nio-8080-exec-4] s.w.s.m.m.a.RequestMappingHandlerMapping : Looking up handler method for path /js/jquery-3.1.1.min.js
2017-11-15 07:21:01,339 DEBUG --- [nio-8080-exec-3] s.w.s.m.m.a.RequestMappingHandlerMapping : Looking up handler method for path /css/materialize.css
2017-11-15 07:21:01,344 DEBUG --- [nio-8080-exec-2] s.w.s.m.m.a.RequestMappingHandlerMapping : Did not find handler method for [/css/style-index.css]
2017-11-15 07:21:01,344 DEBUG --- [nio-8080-exec-5] s.w.s.m.m.a.RequestMappingHandlerMapping : Did not find handler method for [/js/materialize.js]
2017-11-15 07:21:01,347 DEBUG --- [nio-8080-exec-4] s.w.s.m.m.a.RequestMappingHandlerMapping : Did not find handler method for [/js/jquery-3.1.1.min.js]
2017-11-15 07:21:01,348 DEBUG --- [nio-8080-exec-3] s.w.s.m.m.a.RequestMappingHandlerMapping : Did not find handler method for [/css/materialize.css]
2017-11-15 07:21:01,349 DEBUG --- [nio-8080-exec-5] o.s.w.s.handler.SimpleUrlHandlerMapping  : Matching patterns for request [/js/materialize.js] are [/**]
2017-11-15 07:21:01,349 DEBUG --- [nio-8080-exec-4] o.s.w.s.handler.SimpleUrlHandlerMapping  : Matching patterns for request [/js/jquery-3.1.1.min.js] are [/**]
2017-11-15 07:21:01,349 DEBUG --- [nio-8080-exec-3] o.s.w.s.handler.SimpleUrlHandlerMapping  : Matching patterns for request [/css/materialize.css] are [/**]
2017-11-15 07:21:01,350 DEBUG --- [nio-8080-exec-3] o.s.w.s.handler.SimpleUrlHandlerMapping  : URI Template variables for request [/css/materialize.css] are {}
2017-11-15 07:21:01,351 DEBUG --- [nio-8080-exec-5] o.s.w.s.handler.SimpleUrlHandlerMapping  : URI Template variables for request [/js/materialize.js] are {}
2017-11-15 07:21:01,351 DEBUG --- [nio-8080-exec-3] o.s.w.s.handler.SimpleUrlHandlerMapping  : Mapping [/css/materialize.css] to HandlerExecutionChain with handler [ResourceHttpRequestHandler [locations=[ServletContext resource [/], class path resource [META-INF/resources/], class path resource [resources/], class path resource [static/], class path resource [public/]], resolvers=[org.springframework.web.servlet.resource.PathResourceResolver@5df63359]]] and 1 interceptor
2017-11-15 07:21:01,351 DEBUG --- [nio-8080-exec-5] o.s.w.s.handler.SimpleUrlHandlerMapping  : Mapping [/js/materialize.js] to HandlerExecutionChain with handler [ResourceHttpRequestHandler [locations=[ServletContext resource [/], class path resource [META-INF/resources/], class path resource [resources/], class path resource [static/], class path resource [public/]], resolvers=[org.springframework.web.servlet.resource.PathResourceResolver@5df63359]]] and 1 interceptor
2017-11-15 07:21:01,351 DEBUG --- [nio-8080-exec-4] o.s.w.s.handler.SimpleUrlHandlerMapping  : URI Template variables for request [/js/jquery-3.1.1.min.js] are {}
2017-11-15 07:21:01,351 DEBUG --- [nio-8080-exec-4] o.s.w.s.handler.SimpleUrlHandlerMapping  : Mapping [/js/jquery-3.1.1.min.js] to HandlerExecutionChain with handler [ResourceHttpRequestHandler [locations=[ServletContext resource [/], class path resource [META-INF/resources/], class path resource [resources/], class path resource [static/], class path resource [public/]], resolvers=[org.springframework.web.servlet.resource.PathResourceResolver@5df63359]]] and 1 interceptor
2017-11-15 07:21:01,351 DEBUG --- [nio-8080-exec-2] o.s.w.s.handler.SimpleUrlHandlerMapping  : Matching patterns for request [/css/style-index.css] are [/**]
2017-11-15 07:21:01,351 DEBUG --- [nio-8080-exec-3] o.s.web.servlet.DispatcherServlet        : Last-Modified value for [/poi/css/materialize.css] is: -1
2017-11-15 07:21:01,351 DEBUG --- [nio-8080-exec-4] o.s.web.servlet.DispatcherServlet        : Last-Modified value for [/poi/js/jquery-3.1.1.min.js] is: -1
2017-11-15 07:21:01,351 DEBUG --- [nio-8080-exec-5] o.s.web.servlet.DispatcherServlet        : Last-Modified value for [/poi/js/materialize.js] is: -1
2017-11-15 07:21:01,352 DEBUG --- [nio-8080-exec-2] o.s.w.s.handler.SimpleUrlHandlerMapping  : URI Template variables for request [/css/style-index.css] are {}
2017-11-15 07:21:01,353 DEBUG --- [nio-8080-exec-2] o.s.w.s.handler.SimpleUrlHandlerMapping  : Mapping [/css/style-index.css] to HandlerExecutionChain with handler [ResourceHttpRequestHandler [locations=[ServletContext resource [/], class path resource [META-INF/resources/], class path resource [resources/], class path resource [static/], class path resource [public/]], resolvers=[org.springframework.web.servlet.resource.PathResourceResolver@5df63359]]] and 1 interceptor
2017-11-15 07:21:01,355 DEBUG --- [nio-8080-exec-2] o.s.web.servlet.DispatcherServlet        : Last-Modified value for [/poi/css/style-index.css] is: -1
2017-11-15 07:21:01,368 DEBUG --- [nio-8080-exec-3] o.s.web.servlet.DispatcherServlet        : Null ModelAndView returned to DispatcherServlet with name 'dispatcherServlet': assuming HandlerAdapter completed request handling
2017-11-15 07:21:01,368 DEBUG --- [nio-8080-exec-4] o.s.web.servlet.DispatcherServlet        : Null ModelAndView returned to DispatcherServlet with name 'dispatcherServlet': assuming HandlerAdapter completed request handling
2017-11-15 07:21:01,368 DEBUG --- [nio-8080-exec-3] o.s.web.servlet.DispatcherServlet        : Successfully completed request
2017-11-15 07:21:01,369 DEBUG --- [nio-8080-exec-4] o.s.web.servlet.DispatcherServlet        : Successfully completed request
2017-11-15 07:21:01,370 DEBUG --- [nio-8080-exec-5] o.s.web.servlet.DispatcherServlet        : Null ModelAndView returned to DispatcherServlet with name 'dispatcherServlet': assuming HandlerAdapter completed request handling
2017-11-15 07:21:01,371 DEBUG --- [nio-8080-exec-5] o.s.web.servlet.DispatcherServlet        : Successfully completed request
2017-11-15 07:21:01,379 DEBUG --- [nio-8080-exec-2] o.s.web.servlet.DispatcherServlet        : Null ModelAndView returned to DispatcherServlet with name 'dispatcherServlet': assuming HandlerAdapter completed request handling
2017-11-15 07:21:01,380 DEBUG --- [nio-8080-exec-2] o.s.web.servlet.DispatcherServlet        : Successfully completed request
2017-11-15 07:21:01,504 DEBUG --- [nio-8080-exec-6] poi.util.TokenUtility                    : CSRF対象外：/poi/images/background.png
2017-11-15 07:21:01,505 DEBUG --- [nio-8080-exec-6] o.s.web.servlet.DispatcherServlet        : DispatcherServlet with name 'dispatcherServlet' processing GET request for [/poi/images/background.png]
2017-11-15 07:21:01,505 DEBUG --- [nio-8080-exec-6] s.w.s.m.m.a.RequestMappingHandlerMapping : Looking up handler method for path /images/background.png
2017-11-15 07:21:01,509 DEBUG --- [nio-8080-exec-6] s.w.s.m.m.a.RequestMappingHandlerMapping : Did not find handler method for [/images/background.png]
2017-11-15 07:21:01,509 DEBUG --- [nio-8080-exec-6] o.s.w.s.handler.SimpleUrlHandlerMapping  : Matching patterns for request [/images/background.png] are [/**]
2017-11-15 07:21:01,510 DEBUG --- [nio-8080-exec-6] o.s.w.s.handler.SimpleUrlHandlerMapping  : URI Template variables for request [/images/background.png] are {}
2017-11-15 07:21:01,510 DEBUG --- [nio-8080-exec-6] o.s.w.s.handler.SimpleUrlHandlerMapping  : Mapping [/images/background.png] to HandlerExecutionChain with handler [ResourceHttpRequestHandler [locations=[ServletContext resource [/], class path resource [META-INF/resources/], class path resource [resources/], class path resource [static/], class path resource [public/]], resolvers=[org.springframework.web.servlet.resource.PathResourceResolver@5df63359]]] and 1 interceptor
2017-11-15 07:21:01,510 DEBUG --- [nio-8080-exec-6] o.s.web.servlet.DispatcherServlet        : Last-Modified value for [/poi/images/background.png] is: -1
2017-11-15 07:21:01,515 DEBUG --- [nio-8080-exec-6] o.s.web.servlet.DispatcherServlet        : Null ModelAndView returned to DispatcherServlet with name 'dispatcherServlet': assuming HandlerAdapter completed request handling
2017-11-15 07:21:01,515 DEBUG --- [nio-8080-exec-6] o.s.web.servlet.DispatcherServlet        : Successfully completed request
2017-11-15 07:21:01,763 DEBUG --- [nio-8080-exec-7] poi.util.TokenUtility                    : CSRF対象外：/poi/fonts/roboto/Roboto-Regular.woff2
2017-11-15 07:21:01,764 DEBUG --- [nio-8080-exec-7] o.s.web.servlet.DispatcherServlet        : DispatcherServlet with name 'dispatcherServlet' processing GET request for [/poi/fonts/roboto/Roboto-Regular.woff2]
2017-11-15 07:21:01,765 DEBUG --- [nio-8080-exec-7] s.w.s.m.m.a.RequestMappingHandlerMapping : Looking up handler method for path /fonts/roboto/Roboto-Regular.woff2
2017-11-15 07:21:01,777 DEBUG --- [nio-8080-exec-7] s.w.s.m.m.a.RequestMappingHandlerMapping : Did not find handler method for [/fonts/roboto/Roboto-Regular.woff2]
2017-11-15 07:21:01,777 DEBUG --- [nio-8080-exec-7] o.s.w.s.handler.SimpleUrlHandlerMapping  : Matching patterns for request [/fonts/roboto/Roboto-Regular.woff2] are [/**]
2017-11-15 07:21:01,777 DEBUG --- [nio-8080-exec-7] o.s.w.s.handler.SimpleUrlHandlerMapping  : URI Template variables for request [/fonts/roboto/Roboto-Regular.woff2] are {}
2017-11-15 07:21:01,777 DEBUG --- [nio-8080-exec-7] o.s.w.s.handler.SimpleUrlHandlerMapping  : Mapping [/fonts/roboto/Roboto-Regular.woff2] to HandlerExecutionChain with handler [ResourceHttpRequestHandler [locations=[ServletContext resource [/], class path resource [META-INF/resources/], class path resource [resources/], class path resource [static/], class path resource [public/]], resolvers=[org.springframework.web.servlet.resource.PathResourceResolver@5df63359]]] and 1 interceptor
2017-11-15 07:21:01,778 DEBUG --- [nio-8080-exec-7] o.s.web.servlet.DispatcherServlet        : Last-Modified value for [/poi/fonts/roboto/Roboto-Regular.woff2] is: -1
2017-11-15 07:21:01,794 DEBUG --- [nio-8080-exec-7] o.s.web.cors.DefaultCorsProcessor        : Skip CORS processing: request is from same origin
2017-11-15 07:21:01,804 DEBUG --- [nio-8080-exec-7] o.s.web.servlet.DispatcherServlet        : Null ModelAndView returned to DispatcherServlet with name 'dispatcherServlet': assuming HandlerAdapter completed request handling
2017-11-15 07:21:01,805 DEBUG --- [nio-8080-exec-7] o.s.web.servlet.DispatcherServlet        : Successfully completed request
2017-11-15 07:36:51,128 INFO  --- [       Thread-2] ationConfigEmbeddedWebApplicationContext : Closing org.springframework.boot.context.embedded.AnnotationConfigEmbeddedWebApplicationContext@21b2e768: startup date [Wed Nov 15 07:20:44 JST 2017]; root of context hierarchy
2017-11-15 07:36:51,149 INFO  --- [       Thread-2] o.s.j.e.a.AnnotationMBeanExporter        : Unregistering JMX-exposed beans on shutdown
